<?xml version="1.0" encoding="utf-8"?><testsuites name="pytest tests"><testsuite name="pytest" errors="0" failures="0" skipped="0" tests="15" time="3.092" timestamp="2026-04-02T21:42:36.780798+00:00" hostname="agent-env-566a29ab-9a3e-41f7-955a-92492ef82ee3"><testcase classname="backend.tests.test_multilingual_content.TestTrucksMultilingual" name="test_burger_truck_has_french_fields" time="0.195" /><testcase classname="backend.tests.test_multilingual_content.TestTrucksMultilingual" name="test_burger_truck_has_italian_fields" time="0.124" /><testcase classname="backend.tests.test_multilingual_content.TestTrucksMultilingual" name="test_all_trucks_have_fr_it_fields" time="0.143" /><testcase classname="backend.tests.test_multilingual_content.TestFAQsMultilingual" name="test_faqs_have_french_fields" time="0.121" /><testcase classname="backend.tests.test_multilingual_content.TestFAQsMultilingual" name="test_faqs_have_italian_fields" time="0.115" /><testcase classname="backend.tests.test_multilingual_content.TestFAQsMultilingual" name="test_faq_french_content_is_french" time="0.121" /><testcase classname="backend.tests.test_multilingual_content.TestFAQsMultilingual" name="test_faq_italian_content_is_italian" time="0.115" /><testcase classname="backend.tests.test_multilingual_content.TestExistingEndpoints" name="test_auth_login_admin" time="0.336" /><testcase classname="backend.tests.test_multilingual_content.TestExistingEndpoints" name="test_auth_login_customer" time="0.344" /><testcase classname="backend.tests.test_multilingual_content.TestExistingEndpoints" name="test_admin_stats" time="0.468" /><testcase classname="backend.tests.test_multilingual_content.TestExistingEndpoints" name="test_customer_profile" time="0.440" /><testcase classname="backend.tests.test_multilingual_content.TestTruckDetailEndpoints" name="test_chicken_burger_truck_multilingual" time="0.118" /><testcase classname="backend.tests.test_multilingual_content.TestTruckDetailEndpoints" name="test_bowl_truck_multilingual" time="0.103" /><testcase classname="backend.tests.test_multilingual_content.TestTruckDetailEndpoints" name="test_empanadas_truck_multilingual" time="0.137" /><testcase classname="backend.tests.test_multilingual_content.TestTruckDetailEndpoints" name="test_retro_trailer_multilingual" time="0.119" /></testsuite></testsuites>