<?xml version="1.0" encoding="utf-8"?><testsuites name="pytest tests"><testsuite name="pytest" errors="0" failures="0" skipped="0" tests="11" time="50.652" timestamp="2026-04-03T20:01:02.921742+00:00" hostname="agent-env-566a29ab-9a3e-41f7-955a-92492ef82ee3"><testcase classname="backend.tests.test_ai_blog_generation.TestAIBlogGenerationEndpoints" name="test_auto_status_endpoint" time="0.460" /><testcase classname="backend.tests.test_ai_blog_generation.TestAIBlogGenerationEndpoints" name="test_auto_status_requires_auth" time="0.497" /><testcase classname="backend.tests.test_ai_blog_generation.TestAIBlogGenerationEndpoints" name="test_auto_toggle_enable" time="0.443" /><testcase classname="backend.tests.test_ai_blog_generation.TestAIBlogGenerationEndpoints" name="test_auto_toggle_disable" time="0.441" /><testcase classname="backend.tests.test_ai_blog_generation.TestAIBlogGenerationEndpoints" name="test_auto_toggle_requires_auth" time="0.431" /><testcase classname="backend.tests.test_ai_blog_generation.TestAIBlogGenerationEndpoints" name="test_auto_toggle_interval_options" time="0.656" /><testcase classname="backend.tests.test_ai_blog_generation.TestAIBlogGeneration" name="test_generate_endpoint_requires_auth" time="0.449" /><testcase classname="backend.tests.test_ai_blog_generation.TestAIBlogGeneration" name="test_generate_ai_blog_post" time="46.064" /><testcase classname="backend.tests.test_ai_blog_generation.TestExistingAIGeneratedPosts" name="test_ai_posts_have_ai_generated_flag" time="0.436" /><testcase classname="backend.tests.test_ai_blog_generation.TestExistingAIGeneratedPosts" name="test_homepage_blog_preview_limit" time="0.133" /><testcase classname="backend.tests.test_ai_blog_generation.TestAdminDeleteAIPost" name="test_can_delete_ai_generated_post" time="0.552" /></testsuite></testsuites>