<?xml version="1.0" encoding="utf-8"?><testsuites name="pytest tests"><testsuite name="pytest" errors="0" failures="0" skipped="0" tests="16" time="4.276" timestamp="2026-04-01T05:38:55.118148+00:00" hostname="agent-env-bbcad513-6ed1-4398-89ce-30c2df200aa3"><testcase classname="backend.tests.test_batch5_features.TestPublicEndpoints" name="test_sitemap_returns_valid_xml" time="0.136" /><testcase classname="backend.tests.test_batch5_features.TestPublicEndpoints" name="test_pdf_download_returns_valid_pdf" time="0.114" /><testcase classname="backend.tests.test_batch5_features.TestPublicEndpoints" name="test_public_trucks_endpoint" time="0.100" /><testcase classname="backend.tests.test_batch5_features.TestPublicEndpoints" name="test_public_faqs_endpoint" time="0.107" /><testcase classname="backend.tests.test_batch5_features.TestAdminAuth" name="test_admin_login" time="0.380" /><testcase classname="backend.tests.test_batch5_features.TestAdminTrucks" name="test_admin_get_trucks" time="0.386" /><testcase classname="backend.tests.test_batch5_features.TestAdminTrucks" name="test_admin_update_truck" time="0.518" /><testcase classname="backend.tests.test_batch5_features.TestAdminTrucks" name="test_admin_trucks_requires_auth" time="0.097" /><testcase classname="backend.tests.test_batch5_features.TestAdminFAQs" name="test_admin_get_faqs" time="0.377" /><testcase classname="backend.tests.test_batch5_features.TestAdminFAQs" name="test_admin_create_faq" time="0.469" /><testcase classname="backend.tests.test_batch5_features.TestAdminFAQs" name="test_admin_update_faq" time="0.499" /><testcase classname="backend.tests.test_batch5_features.TestAdminFAQs" name="test_admin_delete_faq" time="0.459" /><testcase classname="backend.tests.test_batch5_features.TestAdminFAQs" name="test_admin_faqs_requires_auth" time="0.102" /><testcase classname="backend.tests.test_batch5_features.TestEmailPreview" name="test_email_preview_returns_both_templates" time="0.361" /><testcase classname="backend.tests.test_batch5_features.TestEmailPreview" name="test_email_preview_requires_auth" time="0.096" /><testcase classname="backend.tests.test_batch5_features.TestSEOMetaTags" name="test_index_html_has_meta_tags" time="0.000" /></testsuite></testsuites>