<?xml version="1.0" encoding="utf-8"?><testsuites name="pytest tests"><testsuite name="pytest" errors="0" failures="4" skipped="0" tests="17" time="3.643" timestamp="2026-04-03T20:37:39.783843+00:00" hostname="agent-env-566a29ab-9a3e-41f7-955a-92492ef82ee3"><testcase classname="backend.tests.test_seo_improvements.TestBlogSEOMetaTags" name="test_blog_post_has_meta_title_de" time="0.266"><failure message="AssertionError: meta_title_de field missing from blog post&#10;assert 'meta_title_de' in {'author': 'TrucksOnRoad Team', 'category': 'guide', 'content_de': &quot;## Foodtruck mieten in der Schweiz – So geht's richtig\n\nEin Foodtruck bringt nicht nur leckeres Essen, sondern auch Atmosphaere und Unterhaltung auf euer Event. Doch worauf solltet ihr bei der Buchung achten?\n\n### Was kostet ein Foodtruck?\n\nDie Kosten haengen von mehreren Faktoren ab:\n- **Gaestezahl**: 50-100 Gaeste ab CHF 1'500, 200+ Gaeste ab CHF 3'000\n- **Konzept**: Burger, Bowls oder Empanadas – jedes Konzept hat seine eigene Kalkulation\n- **Anfahrt**: Je weiter der Einsatzort, desto hoeher die Logistikkosten\n- **Dauer**: Halbtags- oder Ganztageseinsatz\n\n### Die richtige Planung\n\n1. **Frueh buchen**: Mindestens 4-8 Wochen im Voraus, bei Grossevents noch frueher\n2. **Gaestezahl schaetzen**: Lieber grosszuegig planen als zu knapp kalkulieren\n3. **Platzbedarf pruefen**: Ein Foodtruck braucht ca. 6m x 3m Stellflaeche\n4. **Strom und Wasser**: Die meisten Trucks benoetigen 230V/16A Stromanschluss\n\n### Welcher Truck passt zu eurem Event?\n\n- **Firmenanlass**: Burger Truck oder Bowl Truck – schnelle Ausgabe, vielfaeltig\n- **Hochzeit**: Empanadas Truck oder Retro Trailer – elegant und besonders\n-...hat should you look out for when booking?\n\n### How much does a food truck cost?\n\nCosts depend on several factors:\n- **Guest count**: 50-100 guests from CHF 1,500, 200+ guests from CHF 3,000\n- **Concept**: Burgers, bowls or empanadas – each concept has its own pricing\n- **Travel distance**: The further the location, the higher the logistics costs\n- **Duration**: Half-day or full-day service\n\n### The right planning\n\n1. **Book early**: At least 4-8 weeks in advance, for large events even earlier\n2. **Estimate guest count**: Better to plan generously than too tightly\n3. **Check space requirements**: A food truck needs approx. 6m x 3m parking space\n4. **Power and water**: Most trucks require 230V/16A power supply\n\n### Which truck fits your event?\n\n- **Corporate event**: Burger Truck or Bowl Truck – fast service, versatile\n- **Wedding**: Empanadas Truck or Retro Trailer – elegant and special\n- **Festival**: Multiple trucks combined for maximum variety\n- **Birthday**: Pocket Bowl Truck – compact and creative\n\n### Our tip\n\nSubmit a non-binding inquiry and get a tailored offer. At TrucksOnRoad, you'll receive a response within 24 hours with all the details.&quot;, ...}">backend/tests/test_seo_improvements.py:33: in test_blog_post_has_meta_title_de
    assert "meta_title_de" in data, "meta_title_de field missing from blog post"
E   AssertionError: meta_title_de field missing from blog post
E   assert 'meta_title_de' in {'author': 'TrucksOnRoad Team', 'category': 'guide', 'content_de': "## Foodtruck mieten in der Schweiz – So geht's richtig\n\nEin Foodtruck bringt nicht nur leckeres Essen, sondern auch Atmosphaere und Unterhaltung auf euer Event. Doch worauf solltet ihr bei der Buchung achten?\n\n### Was kostet ein Foodtruck?\n\nDie Kosten haengen von mehreren Faktoren ab:\n- **Gaestezahl**: 50-100 Gaeste ab CHF 1'500, 200+ Gaeste ab CHF 3'000\n- **Konzept**: Burger, Bowls oder Empanadas – jedes Konzept hat seine eigene Kalkulation\n- **Anfahrt**: Je weiter der Einsatzort, desto hoeher die Logistikkosten\n- **Dauer**: Halbtags- oder Ganztageseinsatz\n\n### Die richtige Planung\n\n1. **Frueh buchen**: Mindestens 4-8 Wochen im Voraus, bei Grossevents noch frueher\n2. **Gaestezahl schaetzen**: Lieber grosszuegig planen als zu knapp kalkulieren\n3. **Platzbedarf pruefen**: Ein Foodtruck braucht ca. 6m x 3m Stellflaeche\n4. **Strom und Wasser**: Die meisten Trucks benoetigen 230V/16A Stromanschluss\n\n### Welcher Truck passt zu eurem Event?\n\n- **Firmenanlass**: Burger Truck oder Bowl Truck – schnelle Ausgabe, vielfaeltig\n- **Hochzeit**: Empanadas Truck oder Retro Trailer – elegant und besonders\n-...hat should you look out for when booking?\n\n### How much does a food truck cost?\n\nCosts depend on several factors:\n- **Guest count**: 50-100 guests from CHF 1,500, 200+ guests from CHF 3,000\n- **Concept**: Burgers, bowls or empanadas – each concept has its own pricing\n- **Travel distance**: The further the location, the higher the logistics costs\n- **Duration**: Half-day or full-day service\n\n### The right planning\n\n1. **Book early**: At least 4-8 weeks in advance, for large events even earlier\n2. **Estimate guest count**: Better to plan generously than too tightly\n3. **Check space requirements**: A food truck needs approx. 6m x 3m parking space\n4. **Power and water**: Most trucks require 230V/16A power supply\n\n### Which truck fits your event?\n\n- **Corporate event**: Burger Truck or Bowl Truck – fast service, versatile\n- **Wedding**: Empanadas Truck or Retro Trailer – elegant and special\n- **Festival**: Multiple trucks combined for maximum variety\n- **Birthday**: Pocket Bowl Truck – compact and creative\n\n### Our tip\n\nSubmit a non-binding inquiry and get a tailored offer. At TrucksOnRoad, you'll receive a response within 24 hours with all the details.", ...}</failure></testcase><testcase classname="backend.tests.test_seo_improvements.TestBlogSEOMetaTags" name="test_blog_post_has_meta_description_de" time="0.142"><failure message="AssertionError: meta_description_de field missing from blog post&#10;assert 'meta_description_de' in {'author': 'TrucksOnRoad Team', 'category': 'guide', 'content_de': &quot;## Foodtruck mieten in der Schweiz – So geht's richtig\n\nEin Foodtruck bringt nicht nur leckeres Essen, sondern auch Atmosphaere und Unterhaltung auf euer Event. Doch worauf solltet ihr bei der Buchung achten?\n\n### Was kostet ein Foodtruck?\n\nDie Kosten haengen von mehreren Faktoren ab:\n- **Gaestezahl**: 50-100 Gaeste ab CHF 1'500, 200+ Gaeste ab CHF 3'000\n- **Konzept**: Burger, Bowls oder Empanadas – jedes Konzept hat seine eigene Kalkulation\n- **Anfahrt**: Je weiter der Einsatzort, desto hoeher die Logistikkosten\n- **Dauer**: Halbtags- oder Ganztageseinsatz\n\n### Die richtige Planung\n\n1. **Frueh buchen**: Mindestens 4-8 Wochen im Voraus, bei Grossevents noch frueher\n2. **Gaestezahl schaetzen**: Lieber grosszuegig planen als zu knapp kalkulieren\n3. **Platzbedarf pruefen**: Ein Foodtruck braucht ca. 6m x 3m Stellflaeche\n4. **Strom und Wasser**: Die meisten Trucks benoetigen 230V/16A Stromanschluss\n\n### Welcher Truck passt zu eurem Event?\n\n- **Firmenanlass**: Burger Truck oder Bowl Truck – schnelle Ausgabe, vielfaeltig\n- **Hochzeit**: Empanadas Truck oder Retro Trailer – elegant und besonders\n-...hat should you look out for when booking?\n\n### How much does a food truck cost?\n\nCosts depend on several factors:\n- **Guest count**: 50-100 guests from CHF 1,500, 200+ guests from CHF 3,000\n- **Concept**: Burgers, bowls or empanadas – each concept has its own pricing\n- **Travel distance**: The further the location, the higher the logistics costs\n- **Duration**: Half-day or full-day service\n\n### The right planning\n\n1. **Book early**: At least 4-8 weeks in advance, for large events even earlier\n2. **Estimate guest count**: Better to plan generously than too tightly\n3. **Check space requirements**: A food truck needs approx. 6m x 3m parking space\n4. **Power and water**: Most trucks require 230V/16A power supply\n\n### Which truck fits your event?\n\n- **Corporate event**: Burger Truck or Bowl Truck – fast service, versatile\n- **Wedding**: Empanadas Truck or Retro Trailer – elegant and special\n- **Festival**: Multiple trucks combined for maximum variety\n- **Birthday**: Pocket Bowl Truck – compact and creative\n\n### Our tip\n\nSubmit a non-binding inquiry and get a tailored offer. At TrucksOnRoad, you'll receive a response within 24 hours with all the details.&quot;, ...}">backend/tests/test_seo_improvements.py:41: in test_blog_post_has_meta_description_de
    assert "meta_description_de" in data, "meta_description_de field missing from blog post"
E   AssertionError: meta_description_de field missing from blog post
E   assert 'meta_description_de' in {'author': 'TrucksOnRoad Team', 'category': 'guide', 'content_de': "## Foodtruck mieten in der Schweiz – So geht's richtig\n\nEin Foodtruck bringt nicht nur leckeres Essen, sondern auch Atmosphaere und Unterhaltung auf euer Event. Doch worauf solltet ihr bei der Buchung achten?\n\n### Was kostet ein Foodtruck?\n\nDie Kosten haengen von mehreren Faktoren ab:\n- **Gaestezahl**: 50-100 Gaeste ab CHF 1'500, 200+ Gaeste ab CHF 3'000\n- **Konzept**: Burger, Bowls oder Empanadas – jedes Konzept hat seine eigene Kalkulation\n- **Anfahrt**: Je weiter der Einsatzort, desto hoeher die Logistikkosten\n- **Dauer**: Halbtags- oder Ganztageseinsatz\n\n### Die richtige Planung\n\n1. **Frueh buchen**: Mindestens 4-8 Wochen im Voraus, bei Grossevents noch frueher\n2. **Gaestezahl schaetzen**: Lieber grosszuegig planen als zu knapp kalkulieren\n3. **Platzbedarf pruefen**: Ein Foodtruck braucht ca. 6m x 3m Stellflaeche\n4. **Strom und Wasser**: Die meisten Trucks benoetigen 230V/16A Stromanschluss\n\n### Welcher Truck passt zu eurem Event?\n\n- **Firmenanlass**: Burger Truck oder Bowl Truck – schnelle Ausgabe, vielfaeltig\n- **Hochzeit**: Empanadas Truck oder Retro Trailer – elegant und besonders\n-...hat should you look out for when booking?\n\n### How much does a food truck cost?\n\nCosts depend on several factors:\n- **Guest count**: 50-100 guests from CHF 1,500, 200+ guests from CHF 3,000\n- **Concept**: Burgers, bowls or empanadas – each concept has its own pricing\n- **Travel distance**: The further the location, the higher the logistics costs\n- **Duration**: Half-day or full-day service\n\n### The right planning\n\n1. **Book early**: At least 4-8 weeks in advance, for large events even earlier\n2. **Estimate guest count**: Better to plan generously than too tightly\n3. **Check space requirements**: A food truck needs approx. 6m x 3m parking space\n4. **Power and water**: Most trucks require 230V/16A power supply\n\n### Which truck fits your event?\n\n- **Corporate event**: Burger Truck or Bowl Truck – fast service, versatile\n- **Wedding**: Empanadas Truck or Retro Trailer – elegant and special\n- **Festival**: Multiple trucks combined for maximum variety\n- **Birthday**: Pocket Bowl Truck – compact and creative\n\n### Our tip\n\nSubmit a non-binding inquiry and get a tailored offer. At TrucksOnRoad, you'll receive a response within 24 hours with all the details.", ...}</failure></testcase><testcase classname="backend.tests.test_seo_improvements.TestBlogSEOMetaTags" name="test_blog_post_has_title_and_content" time="0.131" /><testcase classname="backend.tests.test_seo_improvements.TestBlogSEOMetaTags" name="test_blog_post_has_slug_for_canonical" time="0.118" /><testcase classname="backend.tests.test_seo_improvements.TestBlogListingAPI" name="test_blog_listing_returns_posts" time="0.140" /><testcase classname="backend.tests.test_seo_improvements.TestBlogListingAPI" name="test_blog_listing_returns_categories" time="0.123" /><testcase classname="backend.tests.test_seo_improvements.TestBlogListingAPI" name="test_blog_listing_category_filter" time="0.121" /><testcase classname="backend.tests.test_seo_improvements.TestBlogListingAPI" name="test_blog_listing_limit_parameter" time="0.113" /><testcase classname="backend.tests.test_seo_improvements.TestRelatedPostsAPI" name="test_blog_listing_for_related_posts" time="0.306" /><testcase classname="backend.tests.test_seo_improvements.TestRelatedPostsAPI" name="test_blog_posts_have_required_fields_for_related" time="0.101" /><testcase classname="backend.tests.test_seo_improvements.TestInternalLinksInContent" name="test_blog_content_structure" time="0.117" /><testcase classname="backend.tests.test_seo_improvements.TestAdminBlogAPI" name="test_admin_blog_returns_all_posts" time="0.414" /><testcase classname="backend.tests.test_seo_improvements.TestAdminBlogAPI" name="test_admin_blog_ai_posts_have_word_count" time="0.415"><failure message="AssertionError: AI post vegane-foodtrucks-pflanzliches-catering-events-schweiz missing word_count&#10;assert 'word_count' in {'ai_generated': True, 'author': 'TrucksOnRoad KI', 'category': 'events', 'content_de': '## Vegane Foodtrucks: Pflanzliches Catering fuer Events in der Schweiz\n\nVegane Foodtrucks sind laengst mehr als ein Trend: Sie bieten **modernes, nachhaltiges und extrem vielseitiges Catering** – ideal fuer Firmenanlaesse in Zuerich, Hochzeiten am Zuerichsee, Sommerfeste in Bern oder Festivals in Basel. Als Premium-Anbieter weiss **TrucksOnRoad**, worauf es bei pflanzlichem Foodtruck-Catering ankommt: Geschmack, reibungslose Logistik und ein Angebot, das alle Gaeste begeistert.\n\n### Warum veganes Foodtruck-Catering so gut funktioniert\n\nEin veganer Foodtruck hat gleich mehrere Vorteile, gerade bei gemischten Gaestelisten:\n\n- **Inklusiv fuer viele Ernaehrungsweisen**: Vegan passt oft auch fuer Laktoseintoleranz und viele Allergieprofile (mit klarer Deklaration).\n- **Saisonale Schweizer Zutaten**: Gemuese aus dem Seeland, Pilze, Kartoffeln oder aepfelbasierte Desserts lassen sich regional interpretieren.\n- **Schnelle Ausgabe, frisches Kochen**: Live-Cooking schafft Atmosphaere und reduziert Buffet-Stau.\n- **Nachhaltigkeits-Plus**: Pflanzliche Menues verbessern oft die CO2-Bilanz eines...unkte:\n\n- **Gaestezahl &amp; Durchlauf**: Fuer 150 Personen braucht es andere Prozesse als fuer 40.\n- **Standort-Check**: Zufahrt, Stellflaeche, Strom (oder autark), Larmvorgaben – wichtig in Innenstaedten wie Luzern oder Winterthur.\n- **Menu-Struktur**: 2–3 Hauptoptionen plus ein Dessert reichen oft. Weniger Auswahl = schnellerer Service.\n- **Getraenke &amp; Kaffee**: Klare Verantwortung (Foodtruck, Venue oder Bar) verhindert Luecken.\n- **Schlechtwetter-Plan**: Zelt, Ueberdachung oder Indoor-Ausgabe besonders bei Outdoor-Locations im Mittelland.\n\n### Worauf ihr bei einem veganen Anbieter achten solltet\n\nNicht jeder „vegan“ Foodtruck liefert Premium-Qualitaet. Achtet auf:\n\n- **Transparente Zutatenliste** und Allergen-Management\n- **Erfahrung mit Firmen-Events, Hochzeiten und Grossanlaessen**\n- **Optik &amp; Branding**: Der Truck ist Teil der Eventbuehne\n- **Abfallkonzept**: Mehrweg, Recycling, klare Entsorgungswege\n\n**Fazit:** Vegane Foodtrucks kombinieren Genuss, Zeitgeist und Effizienz. Mit **TrucksOnRoad** als Experten fuer Premium-Foodtruck-Catering in der Schweiz wird pflanzliches Catering zum sicheren Erfolgsfaktor – von der Menuplanung bis zur letzten Ausgabe.\n', ...}">backend/tests/test_seo_improvements.py:182: in test_admin_blog_ai_posts_have_word_count
    assert "word_count" in post, f"AI post {post.get('slug')} missing word_count"
E   AssertionError: AI post vegane-foodtrucks-pflanzliches-catering-events-schweiz missing word_count
E   assert 'word_count' in {'ai_generated': True, 'author': 'TrucksOnRoad KI', 'category': 'events', 'content_de': '## Vegane Foodtrucks: Pflanzliches Catering fuer Events in der Schweiz\n\nVegane Foodtrucks sind laengst mehr als ein Trend: Sie bieten **modernes, nachhaltiges und extrem vielseitiges Catering** – ideal fuer Firmenanlaesse in Zuerich, Hochzeiten am Zuerichsee, Sommerfeste in Bern oder Festivals in Basel. Als Premium-Anbieter weiss **TrucksOnRoad**, worauf es bei pflanzlichem Foodtruck-Catering ankommt: Geschmack, reibungslose Logistik und ein Angebot, das alle Gaeste begeistert.\n\n### Warum veganes Foodtruck-Catering so gut funktioniert\n\nEin veganer Foodtruck hat gleich mehrere Vorteile, gerade bei gemischten Gaestelisten:\n\n- **Inklusiv fuer viele Ernaehrungsweisen**: Vegan passt oft auch fuer Laktoseintoleranz und viele Allergieprofile (mit klarer Deklaration).\n- **Saisonale Schweizer Zutaten**: Gemuese aus dem Seeland, Pilze, Kartoffeln oder aepfelbasierte Desserts lassen sich regional interpretieren.\n- **Schnelle Ausgabe, frisches Kochen**: Live-Cooking schafft Atmosphaere und reduziert Buffet-Stau.\n- **Nachhaltigkeits-Plus**: Pflanzliche Menues verbessern oft die CO2-Bilanz eines...unkte:\n\n- **Gaestezahl &amp; Durchlauf**: Fuer 150 Personen braucht es andere Prozesse als fuer 40.\n- **Standort-Check**: Zufahrt, Stellflaeche, Strom (oder autark), Larmvorgaben – wichtig in Innenstaedten wie Luzern oder Winterthur.\n- **Menu-Struktur**: 2–3 Hauptoptionen plus ein Dessert reichen oft. Weniger Auswahl = schnellerer Service.\n- **Getraenke &amp; Kaffee**: Klare Verantwortung (Foodtruck, Venue oder Bar) verhindert Luecken.\n- **Schlechtwetter-Plan**: Zelt, Ueberdachung oder Indoor-Ausgabe besonders bei Outdoor-Locations im Mittelland.\n\n### Worauf ihr bei einem veganen Anbieter achten solltet\n\nNicht jeder „vegan“ Foodtruck liefert Premium-Qualitaet. Achtet auf:\n\n- **Transparente Zutatenliste** und Allergen-Management\n- **Erfahrung mit Firmen-Events, Hochzeiten und Grossanlaessen**\n- **Optik &amp; Branding**: Der Truck ist Teil der Eventbuehne\n- **Abfallkonzept**: Mehrweg, Recycling, klare Entsorgungswege\n\n**Fazit:** Vegane Foodtrucks kombinieren Genuss, Zeitgeist und Effizienz. Mit **TrucksOnRoad** als Experten fuer Premium-Foodtruck-Catering in der Schweiz wird pflanzliches Catering zum sicheren Erfolgsfaktor – von der Menuplanung bis zur letzten Ausgabe.\n', ...}</failure></testcase><testcase classname="backend.tests.test_seo_improvements.TestAdminBlogAPI" name="test_admin_blog_ai_posts_have_quality_score" time="0.638"><failure message="AssertionError: AI post vegane-foodtrucks-pflanzliches-catering-events-schweiz missing quality_score&#10;assert 'quality_score' in {'ai_generated': True, 'author': 'TrucksOnRoad KI', 'category': 'events', 'content_de': '## Vegane Foodtrucks: Pflanzliches Catering fuer Events in der Schweiz\n\nVegane Foodtrucks sind laengst mehr als ein Trend: Sie bieten **modernes, nachhaltiges und extrem vielseitiges Catering** – ideal fuer Firmenanlaesse in Zuerich, Hochzeiten am Zuerichsee, Sommerfeste in Bern oder Festivals in Basel. Als Premium-Anbieter weiss **TrucksOnRoad**, worauf es bei pflanzlichem Foodtruck-Catering ankommt: Geschmack, reibungslose Logistik und ein Angebot, das alle Gaeste begeistert.\n\n### Warum veganes Foodtruck-Catering so gut funktioniert\n\nEin veganer Foodtruck hat gleich mehrere Vorteile, gerade bei gemischten Gaestelisten:\n\n- **Inklusiv fuer viele Ernaehrungsweisen**: Vegan passt oft auch fuer Laktoseintoleranz und viele Allergieprofile (mit klarer Deklaration).\n- **Saisonale Schweizer Zutaten**: Gemuese aus dem Seeland, Pilze, Kartoffeln oder aepfelbasierte Desserts lassen sich regional interpretieren.\n- **Schnelle Ausgabe, frisches Kochen**: Live-Cooking schafft Atmosphaere und reduziert Buffet-Stau.\n- **Nachhaltigkeits-Plus**: Pflanzliche Menues verbessern oft die CO2-Bilanz eines...unkte:\n\n- **Gaestezahl &amp; Durchlauf**: Fuer 150 Personen braucht es andere Prozesse als fuer 40.\n- **Standort-Check**: Zufahrt, Stellflaeche, Strom (oder autark), Larmvorgaben – wichtig in Innenstaedten wie Luzern oder Winterthur.\n- **Menu-Struktur**: 2–3 Hauptoptionen plus ein Dessert reichen oft. Weniger Auswahl = schnellerer Service.\n- **Getraenke &amp; Kaffee**: Klare Verantwortung (Foodtruck, Venue oder Bar) verhindert Luecken.\n- **Schlechtwetter-Plan**: Zelt, Ueberdachung oder Indoor-Ausgabe besonders bei Outdoor-Locations im Mittelland.\n\n### Worauf ihr bei einem veganen Anbieter achten solltet\n\nNicht jeder „vegan“ Foodtruck liefert Premium-Qualitaet. Achtet auf:\n\n- **Transparente Zutatenliste** und Allergen-Management\n- **Erfahrung mit Firmen-Events, Hochzeiten und Grossanlaessen**\n- **Optik &amp; Branding**: Der Truck ist Teil der Eventbuehne\n- **Abfallkonzept**: Mehrweg, Recycling, klare Entsorgungswege\n\n**Fazit:** Vegane Foodtrucks kombinieren Genuss, Zeitgeist und Effizienz. Mit **TrucksOnRoad** als Experten fuer Premium-Foodtruck-Catering in der Schweiz wird pflanzliches Catering zum sicheren Erfolgsfaktor – von der Menuplanung bis zur letzten Ausgabe.\n', ...}">backend/tests/test_seo_improvements.py:195: in test_admin_blog_ai_posts_have_quality_score
    assert "quality_score" in post, f"AI post {post.get('slug')} missing quality_score"
E   AssertionError: AI post vegane-foodtrucks-pflanzliches-catering-events-schweiz missing quality_score
E   assert 'quality_score' in {'ai_generated': True, 'author': 'TrucksOnRoad KI', 'category': 'events', 'content_de': '## Vegane Foodtrucks: Pflanzliches Catering fuer Events in der Schweiz\n\nVegane Foodtrucks sind laengst mehr als ein Trend: Sie bieten **modernes, nachhaltiges und extrem vielseitiges Catering** – ideal fuer Firmenanlaesse in Zuerich, Hochzeiten am Zuerichsee, Sommerfeste in Bern oder Festivals in Basel. Als Premium-Anbieter weiss **TrucksOnRoad**, worauf es bei pflanzlichem Foodtruck-Catering ankommt: Geschmack, reibungslose Logistik und ein Angebot, das alle Gaeste begeistert.\n\n### Warum veganes Foodtruck-Catering so gut funktioniert\n\nEin veganer Foodtruck hat gleich mehrere Vorteile, gerade bei gemischten Gaestelisten:\n\n- **Inklusiv fuer viele Ernaehrungsweisen**: Vegan passt oft auch fuer Laktoseintoleranz und viele Allergieprofile (mit klarer Deklaration).\n- **Saisonale Schweizer Zutaten**: Gemuese aus dem Seeland, Pilze, Kartoffeln oder aepfelbasierte Desserts lassen sich regional interpretieren.\n- **Schnelle Ausgabe, frisches Kochen**: Live-Cooking schafft Atmosphaere und reduziert Buffet-Stau.\n- **Nachhaltigkeits-Plus**: Pflanzliche Menues verbessern oft die CO2-Bilanz eines...unkte:\n\n- **Gaestezahl &amp; Durchlauf**: Fuer 150 Personen braucht es andere Prozesse als fuer 40.\n- **Standort-Check**: Zufahrt, Stellflaeche, Strom (oder autark), Larmvorgaben – wichtig in Innenstaedten wie Luzern oder Winterthur.\n- **Menu-Struktur**: 2–3 Hauptoptionen plus ein Dessert reichen oft. Weniger Auswahl = schnellerer Service.\n- **Getraenke &amp; Kaffee**: Klare Verantwortung (Foodtruck, Venue oder Bar) verhindert Luecken.\n- **Schlechtwetter-Plan**: Zelt, Ueberdachung oder Indoor-Ausgabe besonders bei Outdoor-Locations im Mittelland.\n\n### Worauf ihr bei einem veganen Anbieter achten solltet\n\nNicht jeder „vegan“ Foodtruck liefert Premium-Qualitaet. Achtet auf:\n\n- **Transparente Zutatenliste** und Allergen-Management\n- **Erfahrung mit Firmen-Events, Hochzeiten und Grossanlaessen**\n- **Optik &amp; Branding**: Der Truck ist Teil der Eventbuehne\n- **Abfallkonzept**: Mehrweg, Recycling, klare Entsorgungswege\n\n**Fazit:** Vegane Foodtrucks kombinieren Genuss, Zeitgeist und Effizienz. Mit **TrucksOnRoad** als Experten fuer Premium-Foodtruck-Catering in der Schweiz wird pflanzliches Catering zum sicheren Erfolgsfaktor – von der Menuplanung bis zur letzten Ausgabe.\n', ...}</failure></testcase><testcase classname="backend.tests.test_seo_improvements.TestBlogSEOSchema" name="test_blog_schema_endpoint" time="0.145" /><testcase classname="backend.tests.test_seo_improvements.TestHomepageBlogPreview" name="test_homepage_blog_preview_limit" time="0.129" /><testcase classname="backend.tests.test_seo_improvements.TestHomepageBlogPreview" name="test_homepage_posts_have_preview_fields" time="0.100" /></testsuite></testsuites>