<?xml version="1.0" encoding="utf-8"?><testsuites name="pytest tests"><testsuite name="pytest" errors="0" failures="0" skipped="0" tests="20" time="7.974" timestamp="2026-04-02T18:42:12.500073+00:00" hostname="agent-env-566a29ab-9a3e-41f7-955a-92492ef82ee3"><testcase classname="backend.tests.test_event_scout_autoscan.TestEventScoutSources" name="test_get_sources_returns_200" time="0.531" /><testcase classname="backend.tests.test_event_scout_autoscan.TestEventScoutSources" name="test_get_sources_structure" time="0.399" /><testcase classname="backend.tests.test_event_scout_autoscan.TestEventScoutSources" name="test_get_sources_default_keywords" time="0.392" /><testcase classname="backend.tests.test_event_scout_autoscan.TestEventScoutSources" name="test_put_sources_update_sources" time="0.431" /><testcase classname="backend.tests.test_event_scout_autoscan.TestEventScoutSources" name="test_put_sources_update_keywords" time="0.561" /><testcase classname="backend.tests.test_event_scout_autoscan.TestEventScoutSources" name="test_put_sources_update_scan_enabled" time="0.583" /><testcase classname="backend.tests.test_event_scout_autoscan.TestEventScoutSources" name="test_put_sources_update_all_fields" time="0.473" /><testcase classname="backend.tests.test_event_scout_autoscan.TestEventScoutScanNow" name="test_scan_now_returns_200" time="0.445" /><testcase classname="backend.tests.test_event_scout_autoscan.TestEventScoutScanNow" name="test_scan_now_returns_message" time="0.384" /><testcase classname="backend.tests.test_event_scout_autoscan.TestEventScoutScanNow" name="test_scan_now_requires_auth" time="0.448" /><testcase classname="backend.tests.test_event_scout_autoscan.TestEventScoutCRUD" name="test_create_event" time="0.462" /><testcase classname="backend.tests.test_event_scout_autoscan.TestEventScoutCRUD" name="test_get_events" time="0.401" /><testcase classname="backend.tests.test_event_scout_autoscan.TestEventScoutCRUD" name="test_update_event_status" time="0.537" /><testcase classname="backend.tests.test_event_scout_autoscan.TestEventScoutCRUD" name="test_delete_event" time="0.585" /><testcase classname="backend.tests.test_event_scout_autoscan.TestPublicAgenda" name="test_agenda_returns_200" time="0.094" /><testcase classname="backend.tests.test_event_scout_autoscan.TestPublicAgenda" name="test_agenda_returns_list" time="0.095" /><testcase classname="backend.tests.test_event_scout_autoscan.TestSourcesRequiresAuth" name="test_get_sources_requires_auth" time="0.111" /><testcase classname="backend.tests.test_event_scout_autoscan.TestSourcesRequiresAuth" name="test_put_sources_requires_auth" time="0.121" /><testcase classname="backend.tests.test_event_scout_autoscan.TestCleanup" name="test_cleanup_test_events" time="0.376" /><testcase classname="backend.tests.test_event_scout_autoscan.TestCleanup" name="test_restore_default_keywords" time="0.445" /></testsuite></testsuites>