<?xml version="1.0" encoding="utf-8"?><testsuites name="pytest tests"><testsuite name="pytest" errors="0" failures="0" skipped="0" tests="15" time="3.892" timestamp="2026-04-29T16:47:43.659164+00:00" hostname="agent-env-f7dda764-741e-4f3b-be70-dcbc83aa8076"><testcase classname="backend.tests.test_booking_wizard.TestPublicEndpoints" name="test_get_menu_categories" time="0.395" /><testcase classname="backend.tests.test_booking_wizard.TestPublicEndpoints" name="test_get_trucks" time="0.126" /><testcase classname="backend.tests.test_booking_wizard.TestPublicEndpoints" name="test_get_truck_availability" time="0.399" /><testcase classname="backend.tests.test_booking_wizard.TestPublicEndpoints" name="test_calculate_delivery_valid_plz" time="0.308" /><testcase classname="backend.tests.test_booking_wizard.TestPublicEndpoints" name="test_calculate_delivery_invalid_plz" time="0.177" /><testcase classname="backend.tests.test_booking_wizard.TestPublicEndpoints" name="test_calculate_delivery_empty_plz" time="0.138" /><testcase classname="backend.tests.test_booking_wizard.TestAdminMenuCategories" name="test_admin_get_menu_categories" time="0.385" /><testcase classname="backend.tests.test_booking_wizard.TestAdminMenuCategories" name="test_admin_create_menu_category" time="0.065" /><testcase classname="backend.tests.test_booking_wizard.TestAdminMenuCategories" name="test_admin_update_menu_category" time="0.159" /><testcase classname="backend.tests.test_booking_wizard.TestAdminMenuCategories" name="test_admin_delete_menu_category" time="0.155" /><testcase classname="backend.tests.test_booking_wizard.TestAdminMenuCategories" name="test_admin_menu_categories_requires_auth" time="0.226" /><testcase classname="backend.tests.test_booking_wizard.TestAdminSettings" name="test_admin_get_settings_has_delivery_price" time="0.386" /><testcase classname="backend.tests.test_booking_wizard.TestAdminSettings" name="test_admin_update_delivery_price" time="0.217" /><testcase classname="backend.tests.test_booking_wizard.TestBookingInquirySubmission" name="test_submit_booking_inquiry" time="0.139" /><testcase classname="backend.tests.test_booking_wizard.TestCleanup" name="test_cleanup_test_categories" time="0.533" /></testsuite></testsuites>