<?xml version="1.0" encoding="utf-8"?><testsuites name="pytest tests"><testsuite name="pytest" errors="0" failures="0" skipped="0" tests="19" time="2.103" timestamp="2026-04-03T06:12:10.484921+00:00" hostname="agent-env-566a29ab-9a3e-41f7-955a-92492ef82ee3"><testcase classname="backend.tests.test_seo_domain.TestSitemapXML" name="test_sitemap_returns_xml" time="0.155" /><testcase classname="backend.tests.test_seo_domain.TestSitemapXML" name="test_sitemap_contains_correct_domain" time="0.125" /><testcase classname="backend.tests.test_seo_domain.TestSitemapXML" name="test_sitemap_has_required_urls" time="0.103" /><testcase classname="backend.tests.test_seo_domain.TestRobotsTxt" name="test_robots_returns_text" time="0.093" /><testcase classname="backend.tests.test_seo_domain.TestRobotsTxt" name="test_robots_sitemap_url_correct_domain" time="0.090" /><testcase classname="backend.tests.test_seo_domain.TestRobotsTxt" name="test_robots_allows_ai_bots" time="0.108" /><testcase classname="backend.tests.test_seo_domain.TestStructuredData" name="test_structured_data_returns_json" time="0.103" /><testcase classname="backend.tests.test_seo_domain.TestStructuredData" name="test_structured_data_url_correct_domain" time="0.096" /><testcase classname="backend.tests.test_seo_domain.TestStructuredData" name="test_structured_data_no_old_domain" time="0.091" /><testcase classname="backend.tests.test_seo_domain.TestStructuredData" name="test_structured_data_type_food_establishment" time="0.100" /><testcase classname="backend.tests.test_seo_domain.TestEventsSchema" name="test_events_schema_returns_array" time="0.168" /><testcase classname="backend.tests.test_seo_domain.TestEventsSchema" name="test_events_schema_structure" time="0.106" /><testcase classname="backend.tests.test_seo_domain.TestEventsSchema" name="test_events_schema_organizer_url" time="0.100" /><testcase classname="backend.tests.test_seo_domain.TestEventsSchema" name="test_events_schema_no_old_domain" time="0.098" /><testcase classname="backend.tests.test_seo_domain.TestContactInfo" name="test_contact_info_returns_json" time="0.098" /><testcase classname="backend.tests.test_seo_domain.TestContactInfo" name="test_contact_info_email_correct_domain" time="0.094" /><testcase classname="backend.tests.test_seo_domain.TestContactInfo" name="test_contact_info_no_old_domain" time="0.095" /><testcase classname="backend.tests.test_seo_domain.TestHomepageSmoke" name="test_homepage_loads" time="0.097" /><testcase classname="backend.tests.test_seo_domain.TestHomepageSmoke" name="test_trucks_endpoint" time="0.115" /></testsuite></testsuites>