<?xml version="1.0" encoding="utf-8"?><testsuites name="pytest tests"><testsuite name="pytest" errors="0" failures="0" skipped="0" tests="17" time="6.064" timestamp="2026-04-02T22:08:05.083575+00:00" hostname="agent-env-566a29ab-9a3e-41f7-955a-92492ef82ee3"><testcase classname="backend.tests.test_password_reset.TestForgotPassword" name="test_forgot_password_with_valid_email" time="0.267" /><testcase classname="backend.tests.test_password_reset.TestForgotPassword" name="test_forgot_password_with_nonexistent_email" time="0.156" /><testcase classname="backend.tests.test_password_reset.TestForgotPassword" name="test_forgot_password_without_email" time="0.116" /><testcase classname="backend.tests.test_password_reset.TestResetPassword" name="test_reset_password_with_invalid_token" time="1.167" /><testcase classname="backend.tests.test_password_reset.TestResetPassword" name="test_reset_password_without_token" time="0.113" /><testcase classname="backend.tests.test_password_reset.TestResetPassword" name="test_reset_password_without_password" time="0.193" /><testcase classname="backend.tests.test_password_reset.TestResetPassword" name="test_reset_password_with_short_password" time="0.137" /><testcase classname="backend.tests.test_password_reset.TestChangePassword" name="test_change_password_without_auth" time="0.110" /><testcase classname="backend.tests.test_password_reset.TestChangePassword" name="test_change_password_with_wrong_old_password" time="0.660" /><testcase classname="backend.tests.test_password_reset.TestChangePassword" name="test_change_password_with_short_new_password" time="0.393" /><testcase classname="backend.tests.test_password_reset.TestChangePassword" name="test_change_password_missing_fields" time="0.405" /><testcase classname="backend.tests.test_password_reset.TestFullPasswordResetFlow" name="test_full_reset_flow_with_test_user" time="0.852" /><testcase classname="backend.tests.test_password_reset.TestExistingEndpointsStillWork" name="test_login_endpoint" time="0.323" /><testcase classname="backend.tests.test_password_reset.TestExistingEndpointsStillWork" name="test_trucks_endpoint" time="0.106" /><testcase classname="backend.tests.test_password_reset.TestExistingEndpointsStillWork" name="test_faqs_endpoint" time="0.165" /><testcase classname="backend.tests.test_password_reset.TestExistingEndpointsStillWork" name="test_admin_stats_endpoint" time="0.400" /><testcase classname="backend.tests.test_password_reset.TestBrandRename" name="test_admin_settings_company_name" time="0.423" /></testsuite></testsuites>