<?xml version="1.0" encoding="utf-8"?><testsuites name="pytest tests"><testsuite name="pytest" errors="0" failures="0" skipped="0" tests="15" time="8.481" timestamp="2026-04-01T16:32:07.594211+00:00" hostname="agent-env-566a29ab-9a3e-41f7-955a-92492ef82ee3"><testcase classname="backend.tests.test_customer_portal.TestCustomerRegistration" name="test_register_new_customer_success" time="0.441" /><testcase classname="backend.tests.test_customer_portal.TestCustomerRegistration" name="test_register_duplicate_email_returns_400" time="0.735" /><testcase classname="backend.tests.test_customer_portal.TestCustomerLogin" name="test_customer_login_success" time="0.727" /><testcase classname="backend.tests.test_customer_portal.TestCustomerLogin" name="test_customer_login_invalid_password" time="0.726" /><testcase classname="backend.tests.test_customer_portal.TestCustomerPortalEndpoints" name="test_customer_profile_returns_data" time="0.391" /><testcase classname="backend.tests.test_customer_portal.TestCustomerPortalEndpoints" name="test_customer_inquiries_returns_only_own" time="0.409" /><testcase classname="backend.tests.test_customer_portal.TestCustomerPortalEndpoints" name="test_customer_endpoints_require_auth" time="0.219" /><testcase classname="backend.tests.test_customer_portal.TestInquiryCustomerLinking" name="test_inquiry_links_to_customer_when_logged_in" time="0.437" /><testcase classname="backend.tests.test_customer_portal.TestAutoConfirmationSetting" name="test_auto_confirmation_setting_exists" time="0.525" /><testcase classname="backend.tests.test_customer_portal.TestAutoConfirmationSetting" name="test_auto_confirmation_can_be_toggled" time="0.556" /><testcase classname="backend.tests.test_customer_portal.TestAutoConfirmationSetting" name="test_inquiry_status_with_auto_confirmation_off" time="0.618" /><testcase classname="backend.tests.test_customer_portal.TestInvoiceManagement" name="test_update_invoice_status" time="0.576" /><testcase classname="backend.tests.test_customer_portal.TestInvoiceManagement" name="test_update_invoice_amount" time="0.697" /><testcase classname="backend.tests.test_customer_portal.TestInvoiceManagement" name="test_update_invoice_status_and_amount" time="0.643" /><testcase classname="backend.tests.test_customer_portal.TestAdminInquiriesCompletedStatus" name="test_can_set_completed_status" time="0.621" /></testsuite></testsuites>