<?xml version="1.0" encoding="utf-8"?><testsuites name="pytest tests"><testsuite name="pytest" errors="0" failures="0" skipped="0" tests="13" time="4.862" timestamp="2026-04-07T20:52:22.225365+00:00" hostname="agent-env-566a29ab-9a3e-41f7-955a-92492ef82ee3"><testcase classname="backend.tests.test_offer_confirmation.TestOfferConfirmationFlow" name="test_get_offer_details_returns_data_without_confirming" time="0.874" /><testcase classname="backend.tests.test_offer_confirmation.TestOfferConfirmationFlow" name="test_get_offer_with_invalid_token_fails" time="0.133" /><testcase classname="backend.tests.test_offer_confirmation.TestOfferConfirmationFlow" name="test_get_offer_with_invalid_id_fails" time="0.120" /><testcase classname="backend.tests.test_offer_confirmation.TestOfferConfirmationFlow" name="test_post_confirm_offer_with_invoice_payment" time="0.172" /><testcase classname="backend.tests.test_offer_confirmation.TestOfferConfirmationFlow" name="test_get_after_confirm_shows_already_confirmed" time="0.361" /><testcase classname="backend.tests.test_offer_confirmation.TestOfferConfirmationFlow" name="test_post_already_confirmed_returns_already_confirmed" time="0.200" /><testcase classname="backend.tests.test_offer_confirmation.TestOfferConfirmationWithCashPayment" name="test_confirm_with_cash_payment" time="1.102" /><testcase classname="backend.tests.test_offer_confirmation.TestTrucksPageAndHomepage" name="test_trucks_page_returns_200" time="0.107" /><testcase classname="backend.tests.test_offer_confirmation.TestTrucksPageAndHomepage" name="test_homepage_returns_200" time="0.117" /><testcase classname="backend.tests.test_offer_confirmation.TestTrucksPageAndHomepage" name="test_trucks_api_returns_data" time="0.121" /><testcase classname="backend.tests.test_offer_confirmation.TestInquiryFormEndpoint" name="test_create_inquiry_returns_id" time="0.544" /><testcase classname="backend.tests.test_offer_confirmation.TestAdminOfferDialog" name="test_admin_can_set_invoice_amount" time="0.636" /><testcase classname="backend.tests.test_offer_confirmation.TestAdminOfferDialog" name="test_admin_can_set_status_to_offer_sent" time="0.269" /></testsuite></testsuites>