<?xml version="1.0" encoding="utf-8"?><testsuites name="pytest tests"><testsuite name="pytest" errors="0" failures="0" skipped="0" tests="9" time="4.255" timestamp="2026-04-03T21:59:33.140901+00:00" hostname="agent-env-566a29ab-9a3e-41f7-955a-92492ef82ee3"><testcase classname="backend.tests.test_gallery_video.TestGalleryVideoFeatures" name="test_01_get_trucks_returns_gallery_and_video_fields" time="0.429" /><testcase classname="backend.tests.test_gallery_video.TestGalleryVideoFeatures" name="test_02_update_truck_with_gallery_array" time="0.515" /><testcase classname="backend.tests.test_gallery_video.TestGalleryVideoFeatures" name="test_03_update_truck_with_video_url" time="0.496" /><testcase classname="backend.tests.test_gallery_video.TestGalleryVideoFeatures" name="test_04_update_truck_with_both_gallery_and_video" time="0.471" /><testcase classname="backend.tests.test_gallery_video.TestGalleryVideoFeatures" name="test_05_delete_gallery_image" time="0.557" /><testcase classname="backend.tests.test_gallery_video.TestGalleryVideoFeatures" name="test_06_clear_gallery_and_video" time="0.515" /><testcase classname="backend.tests.test_gallery_video.TestGalleryVideoFeatures" name="test_07_public_trucks_endpoint_returns_gallery_video" time="0.565" /><testcase classname="backend.tests.test_gallery_video.TestGalleryVideoFeatures" name="test_08_single_truck_endpoint_returns_gallery_video" time="0.537" /><testcase classname="backend.tests.test_gallery_video.TestTruckDetailPageData" name="test_truck_detail_with_empty_gallery" time="0.106" /></testsuite></testsuites>