<?xml version="1.0" encoding="utf-8"?><testsuites name="pytest tests"><testsuite name="pytest" errors="0" failures="0" skipped="0" tests="12" time="18.160" timestamp="2026-05-12T07:37:03.364686+00:00" hostname="agent-env-f7dda764-741e-4f3b-be70-dcbc83aa8076"><testcase classname="backend.tests.test_backups_admin" name="test_list_backups_unauthorized" time="0.266" /><testcase classname="backend.tests.test_backups_admin" name="test_list_backups_ok" time="0.386" /><testcase classname="backend.tests.test_backups_admin" name="test_cloud_config_masks_secret" time="0.049" /><testcase classname="backend.tests.test_backups_admin" name="test_cloud_connection_test_ok" time="10.656" /><testcase classname="backend.tests.test_backups_admin" name="test_cloud_list_endpoint" time="0.484" /><testcase classname="backend.tests.test_backups_admin" name="test_put_config_partial_keeps_secret" time="0.215" /><testcase classname="backend.tests.test_backups_admin" name="test_create_backup_local_meta" time="1.352" /><testcase classname="backend.tests.test_backups_admin" name="test_create_backup_cloud_meta" time="0.000" /><testcase classname="backend.tests.test_backups_admin" name="test_backup_appears_in_local_list" time="0.051" /><testcase classname="backend.tests.test_backups_admin" name="test_backup_appears_in_cloud_list" time="2.436" /><testcase classname="backend.tests.test_backups_admin" name="test_cleanup_cloud_and_local" time="2.124" /><testcase classname="backend.tests.test_backups_admin" name="test_delete_nonexistent_local_returns_404" time="0.054" /></testsuite></testsuites>