<?xml version="1.0" encoding="utf-8"?><testsuites name="pytest tests"><testsuite name="pytest" errors="0" failures="0" skipped="0" tests="44" time="5.631" timestamp="2026-04-04T14:29:13.120482+00:00" hostname="agent-env-566a29ab-9a3e-41f7-955a-92492ef82ee3"><testcase classname="backend.tests.test_nextjs_migration.TestPublicRoutes" name="test_public_route_returns_200[/]" time="0.194" /><testcase classname="backend.tests.test_nextjs_migration.TestPublicRoutes" name="test_public_route_returns_200[/trucks/burger-truck]" time="0.194" /><testcase classname="backend.tests.test_nextjs_migration.TestPublicRoutes" name="test_public_route_returns_200[/anfrage]" time="0.113" /><testcase classname="backend.tests.test_nextjs_migration.TestPublicRoutes" name="test_public_route_returns_200[/faq]" time="0.156" /><testcase classname="backend.tests.test_nextjs_migration.TestPublicRoutes" name="test_public_route_returns_200[/kontakt]" time="0.105" /><testcase classname="backend.tests.test_nextjs_migration.TestPublicRoutes" name="test_public_route_returns_200[/ueber-uns]" time="0.108" /><testcase classname="backend.tests.test_nextjs_migration.TestPublicRoutes" name="test_public_route_returns_200[/blog]" time="0.099" /><testcase classname="backend.tests.test_nextjs_migration.TestPublicRoutes" name="test_public_route_returns_200[/agenda]" time="0.128" /><testcase classname="backend.tests.test_nextjs_migration.TestPublicRoutes" name="test_public_route_returns_200[/private-events]" time="0.128" /><testcase classname="backend.tests.test_nextjs_migration.TestPublicRoutes" name="test_public_route_returns_200[/fuer-veranstalter]" time="0.107" /><testcase classname="backend.tests.test_nextjs_migration.TestPublicRoutes" name="test_public_route_returns_200[/veranstalter]" time="0.110" /><testcase classname="backend.tests.test_nextjs_migration.TestAdminRoutes" name="test_admin_route_returns_200[/admin/login]" time="0.095" /><testcase classname="backend.tests.test_nextjs_migration.TestAdminRoutes" name="test_admin_route_returns_200[/admin/dashboard]" time="0.114" /><testcase classname="backend.tests.test_nextjs_migration.TestAdminRoutes" name="test_admin_route_returns_200[/admin/anfragen]" time="0.102" /><testcase classname="backend.tests.test_nextjs_migration.TestAdminRoutes" name="test_admin_route_returns_200[/admin/trucks]" time="0.109" /><testcase classname="backend.tests.test_nextjs_migration.TestAdminRoutes" name="test_admin_route_returns_200[/admin/faqs]" time="0.106" /><testcase classname="backend.tests.test_nextjs_migration.TestAdminRoutes" name="test_admin_route_returns_200[/admin/mitarbeiter]" time="0.122" /><testcase classname="backend.tests.test_nextjs_migration.TestAdminRoutes" name="test_admin_route_returns_200[/admin/finanzen]" time="0.108" /><testcase classname="backend.tests.test_nextjs_migration.TestAdminRoutes" name="test_admin_route_returns_200[/admin/routen]" time="0.107" /><testcase classname="backend.tests.test_nextjs_migration.TestAdminRoutes" name="test_admin_route_returns_200[/admin/kalender]" time="0.137" /><testcase classname="backend.tests.test_nextjs_migration.TestAdminRoutes" name="test_admin_route_returns_200[/admin/reviews]" time="0.130" /><testcase classname="backend.tests.test_nextjs_migration.TestAdminRoutes" name="test_admin_route_returns_200[/admin/einstellungen]" time="0.106" /><testcase classname="backend.tests.test_nextjs_migration.TestAdminRoutes" name="test_admin_route_returns_200[/admin/export]" time="0.102" /><testcase classname="backend.tests.test_nextjs_migration.TestAdminRoutes" name="test_admin_route_returns_200[/admin/event-scout]" time="0.114" /><testcase classname="backend.tests.test_nextjs_migration.TestAdminRoutes" name="test_admin_route_returns_200[/admin/blog]" time="0.101" /><testcase classname="backend.tests.test_nextjs_migration.TestCustomerPortalRoutes" name="test_customer_route_returns_200[/konto/login]" time="0.102" /><testcase classname="backend.tests.test_nextjs_migration.TestCustomerPortalRoutes" name="test_customer_route_returns_200[/konto/dashboard]" time="0.106" /><testcase classname="backend.tests.test_nextjs_migration.TestCustomerPortalRoutes" name="test_customer_route_returns_200[/konto/anfragen]" time="0.102" /><testcase classname="backend.tests.test_nextjs_migration.TestCustomerPortalRoutes" name="test_customer_route_returns_200[/konto/passwort-vergessen]" time="0.108" /><testcase classname="backend.tests.test_nextjs_migration.TestCustomerPortalRoutes" name="test_customer_route_returns_200[/konto/passwort-reset]" time="0.106" /><testcase classname="backend.tests.test_nextjs_migration.TestBackendAPI" name="test_trucks_api_returns_200" time="0.117" /><testcase classname="backend.tests.test_nextjs_migration.TestBackendAPI" name="test_faqs_api_returns_200" time="0.104" /><testcase classname="backend.tests.test_nextjs_migration.TestBackendAPI" name="test_reviews_api_returns_200" time="0.110" /><testcase classname="backend.tests.test_nextjs_migration.TestBackendAPI" name="test_blog_api_returns_200" time="0.099" /><testcase classname="backend.tests.test_nextjs_migration.TestAdminAuth" name="test_admin_login_success" time="0.347" /><testcase classname="backend.tests.test_nextjs_migration.TestAdminAuth" name="test_admin_login_invalid_credentials" time="0.332" /><testcase classname="backend.tests.test_nextjs_migration.TestSSRContent" name="test_homepage_has_meta_description" time="0.098" /><testcase classname="backend.tests.test_nextjs_migration.TestSSRContent" name="test_homepage_has_og_tags" time="0.109" /><testcase classname="backend.tests.test_nextjs_migration.TestSSRContent" name="test_homepage_has_twitter_card" time="0.138" /><testcase classname="backend.tests.test_nextjs_migration.TestSSRContent" name="test_homepage_has_json_ld" time="0.107" /><testcase classname="backend.tests.test_nextjs_migration.TestSSRContent" name="test_homepage_has_title" time="0.129" /><testcase classname="backend.tests.test_nextjs_migration.TestSSRContent" name="test_homepage_has_navbar" time="0.116" /><testcase classname="backend.tests.test_nextjs_migration.TestSSRContent" name="test_homepage_has_hero_section" time="0.106" /><testcase classname="backend.tests.test_nextjs_migration.TestTruckDetailPage" name="test_burger_truck_page_loads" time="0.113" /></testsuite></testsuites>