<?xml version="1.0" encoding="utf-8"?><testsuites name="pytest tests"><testsuite name="pytest" errors="0" failures="0" skipped="0" tests="9" time="1.039" timestamp="2026-04-08T08:13:45.051500+00:00" hostname="agent-env-566a29ab-9a3e-41f7-955a-92492ef82ee3"><testcase classname="tests.test_multilingual_quick_inquiry.TestQuickInquiryAPI" name="test_quick_inquiry_with_name_and_contact" time="0.116" /><testcase classname="tests.test_multilingual_quick_inquiry.TestQuickInquiryAPI" name="test_quick_inquiry_with_email_contact" time="0.148" /><testcase classname="tests.test_multilingual_quick_inquiry.TestQuickInquiryAPI" name="test_quick_inquiry_minimal_payload" time="0.100" /><testcase classname="tests.test_multilingual_quick_inquiry.TestQuickInquiryAPI" name="test_quick_inquiry_full_payload" time="0.094" /><testcase classname="tests.test_multilingual_quick_inquiry.TestPublicEndpoints" name="test_trucks_endpoint" time="0.105" /><testcase classname="tests.test_multilingual_quick_inquiry.TestPublicEndpoints" name="test_faqs_endpoint" time="0.108" /><testcase classname="tests.test_multilingual_quick_inquiry.TestPublicEndpoints" name="test_contact_info_endpoint" time="0.099" /><testcase classname="tests.test_multilingual_quick_inquiry.TestPublicEndpoints" name="test_reviews_endpoint" time="0.096" /><testcase classname="tests.test_multilingual_quick_inquiry.TestAvailabilityEndpoint" name="test_availability_endpoint" time="0.104" /></testsuite></testsuites>