<?xml version="1.0" encoding="utf-8"?><testsuites name="pytest tests"><testsuite name="pytest" errors="0" failures="0" skipped="1" tests="42" time="11.960" timestamp="2026-05-28T23:03:56.166007+00:00" hostname="agent-env-f7dda764-741e-4f3b-be70-dcbc83aa8076"><testcase classname="tests.test_e2e_qa_full" name="test_01_public_page_loads[/]" time="0.164" /><testcase classname="tests.test_e2e_qa_full" name="test_01_public_page_loads[/trucks]" time="0.128" /><testcase classname="tests.test_e2e_qa_full" name="test_01_public_page_loads[/trucks/burger-truck]" time="0.132" /><testcase classname="tests.test_e2e_qa_full" name="test_01_public_page_loads[/trucks/chicken-burger]" time="0.205" /><testcase classname="tests.test_e2e_qa_full" name="test_01_public_page_loads[/trucks/bowl-truck]" time="0.130" /><testcase classname="tests.test_e2e_qa_full" name="test_01_public_page_loads[/trucks/pocket-bowl]" time="0.166" /><testcase classname="tests.test_e2e_qa_full" name="test_01_public_page_loads[/trucks/empanadas]" time="0.161" /><testcase classname="tests.test_e2e_qa_full" name="test_01_public_page_loads[/trucks/retro-trailer]" time="0.113" /><testcase classname="tests.test_e2e_qa_full" name="test_01_public_page_loads[/fuer-veranstalter]" time="0.107" /><testcase classname="tests.test_e2e_qa_full" name="test_01_public_page_loads[/private-events]" time="0.122" /><testcase classname="tests.test_e2e_qa_full" name="test_01_public_page_loads[/kontakt]" time="0.113" /><testcase classname="tests.test_e2e_qa_full" name="test_01_public_page_loads[/blog]" time="0.115" /><testcase classname="tests.test_e2e_qa_full" name="test_01_public_page_loads[/faq]" time="0.105" /><testcase classname="tests.test_e2e_qa_full" name="test_01_public_page_loads[/agb]" time="0.128" /><testcase classname="tests.test_e2e_qa_full" name="test_01_public_page_loads[/datenschutz]" time="0.119" /><testcase classname="tests.test_e2e_qa_full" name="test_01_public_page_loads[/impressum]" time="0.108" /><testcase classname="tests.test_e2e_qa_full" name="test_01_public_page_loads[/anfrage]" time="0.108" /><testcase classname="tests.test_e2e_qa_full" name="test_02_agb_ssr_html" time="0.108" /><testcase classname="tests.test_e2e_qa_full" name="test_02_structured_data_no_gmbh" time="0.108" /><testcase classname="tests.test_e2e_qa_full" name="test_03_trucks_multilang" time="0.110" /><testcase classname="tests.test_e2e_qa_full" name="test_06_km_logic[8623-Wetzikon]" time="1.570" /><testcase classname="tests.test_e2e_qa_full" name="test_06_km_logic[8001-Zurich HB]" time="2.127" /><testcase classname="tests.test_e2e_qa_full" name="test_06_km_logic[1201-Geneva]" time="1.346" /><testcase classname="tests.test_e2e_qa_full" name="test_05_create_inquiry_via_quick_inquiry" time="0.138" /><testcase classname="tests.test_e2e_qa_full" name="test_07_calendar_availability" time="0.138" /><testcase classname="tests.test_e2e_qa_full" name="test_08_otp_send_and_verify" time="2.090" /><testcase classname="tests.test_e2e_qa_full" name="test_09_customer_portal_own_inquiries" time="0.059" /><testcase classname="tests.test_e2e_qa_full" name="test_21_cross_customer_isolation" time="0.060" /><testcase classname="tests.test_e2e_qa_full" name="test_10_admin_list_inquiries" time="0.407" /><testcase classname="tests.test_e2e_qa_full" name="test_10_admin_update_status" time="0.055" /><testcase classname="tests.test_e2e_qa_full" name="test_11_offer_pdf" time="0.061" /><testcase classname="tests.test_e2e_qa_full" name="test_12_calendar_block_create_delete" time="0.113" /><testcase classname="tests.test_e2e_qa_full" name="test_13_legal_versions" time="0.177" /><testcase classname="tests.test_e2e_qa_full" name="test_14_backup_config_preview" time="0.059" /><testcase classname="tests.test_e2e_qa_full" name="test_15_email_templates_no_gmbh" time="0.019"><skipped type="pytest.skip" message="email service signature unknown">/app/backend/tests/test_e2e_qa_full.py:252: email service signature unknown</skipped></testcase><testcase classname="tests.test_e2e_qa_full" name="test_19_settings_delivery_price_km" time="0.175" /><testcase classname="tests.test_e2e_qa_full" name="test_20_export_csv" time="0.053" /><testcase classname="tests.test_e2e_qa_full" name="test_22_admin_auth_required[GET-/admin/inquiries]" time="0.102" /><testcase classname="tests.test_e2e_qa_full" name="test_22_admin_auth_required[GET-/admin/legal/agb/versions]" time="0.138" /><testcase classname="tests.test_e2e_qa_full" name="test_22_admin_auth_required[POST-/admin/backups]" time="0.135" /><testcase classname="tests.test_e2e_qa_full" name="test_22_admin_auth_required[DELETE-/admin/inquiries/fakeid]" time="0.145" /><testcase classname="tests.test_e2e_qa_full" name="test_23_cors_preflight" time="0.070" /></testsuite></testsuites>