<?xml version="1.0" encoding="utf-8"?><testsuites name="pytest tests"><testsuite name="pytest" errors="0" failures="0" skipped="0" tests="17" time="9.034" timestamp="2026-04-01T06:34:14.925399+00:00" hostname="agent-env-bbcad513-6ed1-4398-89ce-30c2df200aa3"><testcase classname="backend.tests.test_finance_routes_features.TestFinanceAPI" name="test_finance_overview_endpoint" time="0.476" /><testcase classname="backend.tests.test_finance_routes_features.TestFinanceAPI" name="test_create_inquiry_for_finance_test" time="0.094" /><testcase classname="backend.tests.test_finance_routes_features.TestFinanceAPI" name="test_update_finance_data" time="0.227" /><testcase classname="backend.tests.test_finance_routes_features.TestFinanceAPI" name="test_finance_overview_reflects_updates" time="0.268" /><testcase classname="backend.tests.test_finance_routes_features.TestGeocodeAPI" name="test_geocode_zurich" time="1.242" /><testcase classname="backend.tests.test_finance_routes_features.TestGeocodeAPI" name="test_geocode_wetzikon" time="0.260" /><testcase classname="backend.tests.test_finance_routes_features.TestGeocodeAPI" name="test_geocode_basel" time="0.516" /><testcase classname="backend.tests.test_finance_routes_features.TestGeocodeAPI" name="test_geocode_invalid_address" time="0.425" /><testcase classname="backend.tests.test_finance_routes_features.TestRouteAPI" name="test_route_wetzikon_to_zurich" time="0.995" /><testcase classname="backend.tests.test_finance_routes_features.TestRouteAPI" name="test_route_geometry_format" time="1.134" /><testcase classname="backend.tests.test_finance_routes_features.TestRouteOptimizeAPI" name="test_route_optimize_multiple_stops" time="1.231" /><testcase classname="backend.tests.test_finance_routes_features.TestRouteOptimizeAPI" name="test_route_optimize_no_coords" time="0.042" /><testcase classname="backend.tests.test_finance_routes_features.TestEventsMapAPI" name="test_events_map_returns_base_location" time="0.405" /><testcase classname="backend.tests.test_finance_routes_features.TestEventsMapAPI" name="test_events_map_event_structure" time="0.187" /><testcase classname="backend.tests.test_finance_routes_features.TestCoordsUpdateAPI" name="test_update_inquiry_coords" time="0.544" /><testcase classname="backend.tests.test_finance_routes_features.TestAdminSidebar" name="test_admin_inquiries_list" time="0.376" /><testcase classname="backend.tests.test_finance_routes_features.TestAdminSidebar" name="test_admin_stats" time="0.483" /></testsuite></testsuites>