<?xml version="1.0" encoding="utf-8"?><testsuites name="pytest tests"><testsuite name="pytest" errors="0" failures="0" skipped="0" tests="37" time="6.911" timestamp="2026-04-02T21:23:17.658708+00:00" hostname="agent-env-566a29ab-9a3e-41f7-955a-92492ef82ee3"><testcase classname="backend.tests.test_refactored_backend.TestAuthEndpoints" name="test_admin_login" time="0.465" /><testcase classname="backend.tests.test_refactored_backend.TestAuthEndpoints" name="test_customer_login" time="0.690" /><testcase classname="backend.tests.test_refactored_backend.TestAuthEndpoints" name="test_register_customer" time="0.338" /><testcase classname="backend.tests.test_refactored_backend.TestAuthEndpoints" name="test_auth_me" time="0.382" /><testcase classname="backend.tests.test_refactored_backend.TestAuthEndpoints" name="test_auth_refresh" time="0.388" /><testcase classname="backend.tests.test_refactored_backend.TestAuthEndpoints" name="test_auth_logout" time="0.374" /><testcase classname="backend.tests.test_refactored_backend.TestPublicEndpoints" name="test_get_trucks" time="0.118" /><testcase classname="backend.tests.test_refactored_backend.TestPublicEndpoints" name="test_get_truck_by_slug" time="0.113" /><testcase classname="backend.tests.test_refactored_backend.TestPublicEndpoints" name="test_get_faqs" time="0.109" /><testcase classname="backend.tests.test_refactored_backend.TestPublicEndpoints" name="test_get_availability" time="0.114" /><testcase classname="backend.tests.test_refactored_backend.TestPublicEndpoints" name="test_get_contact_info" time="0.106" /><testcase classname="backend.tests.test_refactored_backend.TestPublicEndpoints" name="test_get_reviews" time="0.100" /><testcase classname="backend.tests.test_refactored_backend.TestPublicEndpoints" name="test_get_structured_data" time="0.121" /><testcase classname="backend.tests.test_refactored_backend.TestPublicEndpoints" name="test_get_robots_txt" time="0.111" /><testcase classname="backend.tests.test_refactored_backend.TestPublicEndpoints" name="test_get_sitemap" time="0.102" /><testcase classname="backend.tests.test_refactored_backend.TestPublicEndpoints" name="test_get_agenda" time="0.111" /><testcase classname="backend.tests.test_refactored_backend.TestPublicEndpoints" name="test_download_veranstalter_pdf" time="0.150" /><testcase classname="backend.tests.test_refactored_backend.TestCustomerEndpoints" name="test_customer_get_inquiries" time="0.392" /><testcase classname="backend.tests.test_refactored_backend.TestCustomerEndpoints" name="test_customer_get_profile" time="0.052" /><testcase classname="backend.tests.test_refactored_backend.TestCustomerEndpoints" name="test_customer_update_profile_lang" time="0.149" /><testcase classname="backend.tests.test_refactored_backend.TestAdminEndpoints" name="test_admin_get_inquiries" time="0.400" /><testcase classname="backend.tests.test_refactored_backend.TestAdminEndpoints" name="test_admin_get_stats" time="0.053" /><testcase classname="backend.tests.test_refactored_backend.TestAdminEndpoints" name="test_admin_get_settings" time="0.046" /><testcase classname="backend.tests.test_refactored_backend.TestAdminEndpoints" name="test_admin_get_trucks" time="0.046" /><testcase classname="backend.tests.test_refactored_backend.TestAdminEndpoints" name="test_admin_get_faqs" time="0.049" /><testcase classname="backend.tests.test_refactored_backend.TestAdminEndpoints" name="test_admin_get_employees" time="0.054" /><testcase classname="backend.tests.test_refactored_backend.TestAdminEndpoints" name="test_admin_get_reviews" time="0.054" /><testcase classname="backend.tests.test_refactored_backend.TestAdminEndpoints" name="test_admin_finance_overview" time="0.060" /><testcase classname="backend.tests.test_refactored_backend.TestAdminEndpoints" name="test_admin_events_map" time="0.052" /><testcase classname="backend.tests.test_refactored_backend.TestAdminEndpoints" name="test_admin_email_preview_de" time="0.053" /><testcase classname="backend.tests.test_refactored_backend.TestAdminEndpoints" name="test_admin_email_preview_fr" time="0.057" /><testcase classname="backend.tests.test_refactored_backend.TestAdminEndpoints" name="test_admin_event_scout_events" time="0.048" /><testcase classname="backend.tests.test_refactored_backend.TestAdminEndpoints" name="test_admin_event_scout_sources" time="0.047" /><testcase classname="backend.tests.test_refactored_backend.TestAdminEndpoints" name="test_admin_export_inquiries_csv" time="0.057" /><testcase classname="backend.tests.test_refactored_backend.TestInquiryCRUD" name="test_create_inquiry" time="0.181" /><testcase classname="backend.tests.test_refactored_backend.TestInquiryCRUD" name="test_admin_update_inquiry_lang" time="0.592" /><testcase classname="backend.tests.test_refactored_backend.TestCleanup" name="test_cleanup_test_inquiries" time="0.458" /></testsuite></testsuites>