<?xml version="1.0" encoding="utf-8"?><testsuites name="pytest tests"><testsuite name="pytest" errors="0" failures="0" skipped="0" tests="12" time="2.535" timestamp="2026-04-26T08:05:21.433060+00:00" hostname="agent-env-f7dda764-741e-4f3b-be70-dcbc83aa8076"><testcase classname="backend.tests.test_passwordless_auth.TestSendCode" name="test_send_code_success" time="0.242" /><testcase classname="backend.tests.test_passwordless_auth.TestSendCode" name="test_send_code_invalid_email" time="0.111" /><testcase classname="backend.tests.test_passwordless_auth.TestSendCode" name="test_send_code_blocks_admin" time="0.176" /><testcase classname="backend.tests.test_passwordless_auth.TestSendCode" name="test_send_code_rate_limit" time="0.246" /><testcase classname="backend.tests.test_passwordless_auth.TestVerifyCode" name="test_verify_code_wrong_code" time="0.180" /><testcase classname="backend.tests.test_passwordless_auth.TestVerifyCode" name="test_verify_code_expired" time="0.128" /><testcase classname="backend.tests.test_passwordless_auth.TestVerifyCode" name="test_verify_code_success_new_user" time="0.156" /><testcase classname="backend.tests.test_passwordless_auth.TestVerifyCode" name="test_verify_code_success_existing_user" time="0.159" /><testcase classname="backend.tests.test_passwordless_auth.TestCompleteProfile" name="test_complete_profile_success" time="0.232" /><testcase classname="backend.tests.test_passwordless_auth.TestCompleteProfile" name="test_complete_profile_without_auth" time="0.129" /><testcase classname="backend.tests.test_passwordless_auth.TestCustomerProfile" name="test_get_profile_returns_all_fields" time="0.231" /><testcase classname="backend.tests.test_passwordless_auth.TestAdminLoginStillWorks" name="test_admin_password_login" time="0.388" /></testsuite></testsuites>