<?xml version="1.0" encoding="utf-8"?><testsuites name="pytest tests"><testsuite name="pytest" errors="0" failures="0" skipped="0" tests="17" time="4.152" timestamp="2026-04-03T07:42:23.799289+00:00" hostname="agent-env-566a29ab-9a3e-41f7-955a-92492ef82ee3"><testcase classname="backend.tests.test_blog.TestPublicBlogAPI" name="test_get_all_blog_posts" time="0.197" /><testcase classname="backend.tests.test_blog.TestPublicBlogAPI" name="test_filter_by_category_guide" time="0.103" /><testcase classname="backend.tests.test_blog.TestPublicBlogAPI" name="test_filter_by_category_locations" time="0.104" /><testcase classname="backend.tests.test_blog.TestPublicBlogAPI" name="test_get_single_blog_post" time="0.236" /><testcase classname="backend.tests.test_blog.TestPublicBlogAPI" name="test_get_nonexistent_post" time="0.092" /><testcase classname="backend.tests.test_blog.TestPublicBlogAPI" name="test_blog_categories_endpoint" time="0.128" /><testcase classname="backend.tests.test_blog.TestBlogSEO" name="test_sitemap_includes_blog" time="0.262" /><testcase classname="backend.tests.test_blog.TestBlogSEO" name="test_blog_schema_endpoint" time="0.233" /><testcase classname="backend.tests.test_blog.TestBlogSEO" name="test_blog_schema_nonexistent" time="0.096" /><testcase classname="backend.tests.test_blog.TestAdminBlogAPI" name="test_admin_get_all_blog_posts" time="0.368" /><testcase classname="backend.tests.test_blog.TestAdminBlogAPI" name="test_admin_get_blog_unauthorized" time="0.409" /><testcase classname="backend.tests.test_blog.TestAdminBlogAPI" name="test_admin_create_blog_post" time="0.410" /><testcase classname="backend.tests.test_blog.TestAdminBlogAPI" name="test_admin_update_blog_post" time="0.525" /><testcase classname="backend.tests.test_blog.TestAdminBlogAPI" name="test_admin_delete_blog_post" time="0.453" /><testcase classname="backend.tests.test_blog.TestBlogSeededData" name="test_seeded_articles_count" time="0.154" /><testcase classname="backend.tests.test_blog.TestBlogSeededData" name="test_seeded_articles_categories" time="0.094" /><testcase classname="backend.tests.test_blog.TestBlogSeededData" name="test_seeded_articles_multilingual" time="0.191" /></testsuite></testsuites>