<?xml version="1.0" encoding="utf-8"?><testsuites name="pytest tests"><testsuite name="pytest" errors="0" failures="0" skipped="0" tests="14" time="4.876" timestamp="2026-04-02T18:22:01.282457+00:00" hostname="agent-env-566a29ab-9a3e-41f7-955a-92492ef82ee3"><testcase classname="backend.tests.test_agenda_event_scout.TestPublicAgenda" name="test_agenda_endpoint_returns_200" time="0.280" /><testcase classname="backend.tests.test_agenda_event_scout.TestPublicAgenda" name="test_agenda_returns_list" time="0.214" /><testcase classname="backend.tests.test_agenda_event_scout.TestPublicAgenda" name="test_agenda_event_structure" time="0.138" /><testcase classname="backend.tests.test_agenda_event_scout.TestAdminAuth" name="test_admin_login" time="0.328" /><testcase classname="backend.tests.test_agenda_event_scout.TestEventScoutSearch" name="test_search_requires_auth" time="0.124" /><testcase classname="backend.tests.test_agenda_event_scout.TestEventScoutSearch" name="test_search_without_api_key" time="0.431" /><testcase classname="backend.tests.test_agenda_event_scout.TestEventScoutSearch" name="test_search_requires_query" time="0.401" /><testcase classname="backend.tests.test_agenda_event_scout.TestEventScoutCRUD" name="test_get_scouted_events_requires_auth" time="0.169" /><testcase classname="backend.tests.test_agenda_event_scout.TestEventScoutCRUD" name="test_get_scouted_events" time="0.422" /><testcase classname="backend.tests.test_agenda_event_scout.TestEventScoutCRUD" name="test_create_scouted_event" time="0.404" /><testcase classname="backend.tests.test_agenda_event_scout.TestEventScoutCRUD" name="test_update_scouted_event_status" time="0.530" /><testcase classname="backend.tests.test_agenda_event_scout.TestEventScoutCRUD" name="test_delete_scouted_event" time="0.496" /><testcase classname="backend.tests.test_agenda_event_scout.TestAdminSettings" name="test_settings_has_perplexity_key_field" time="0.374" /><testcase classname="backend.tests.test_agenda_event_scout.TestCleanup" name="test_cleanup_test_events" time="0.468" /></testsuite></testsuites>