<?xml version="1.0" encoding="utf-8"?><testsuites name="pytest tests"><testsuite name="pytest" errors="0" failures="0" skipped="0" tests="14" time="4.578" timestamp="2026-04-01T10:09:58.918333+00:00" hostname="agent-env-566a29ab-9a3e-41f7-955a-92492ef82ee3"><testcase classname="backend.tests.test_reviews_feature.TestPublicReviewsAPI" name="test_get_public_reviews_returns_200" time="0.247" /><testcase classname="backend.tests.test_reviews_feature.TestSEOStructuredData" name="test_structured_data_returns_200" time="0.097" /><testcase classname="backend.tests.test_reviews_feature.TestSEOStructuredData" name="test_structured_data_has_aggregate_rating" time="0.197" /><testcase classname="backend.tests.test_reviews_feature.TestAdminReviewsCRUD" name="test_admin_get_all_reviews" time="0.369" /><testcase classname="backend.tests.test_reviews_feature.TestAdminReviewsCRUD" name="test_admin_create_review" time="0.402" /><testcase classname="backend.tests.test_reviews_feature.TestAdminReviewsCRUD" name="test_admin_update_review" time="0.552" /><testcase classname="backend.tests.test_reviews_feature.TestAdminReviewsCRUD" name="test_admin_delete_review" time="0.471" /><testcase classname="backend.tests.test_reviews_feature.TestAdminReviewsCRUD" name="test_toggle_review_active_status" time="0.684" /><testcase classname="backend.tests.test_reviews_feature.TestAdminReviewsCRUD" name="test_rating_validation" time="0.510" /><testcase classname="backend.tests.test_reviews_feature.TestAdminReviewsAuth" name="test_admin_reviews_requires_auth" time="0.097" /><testcase classname="backend.tests.test_reviews_feature.TestAdminReviewsAuth" name="test_create_review_requires_auth" time="0.114" /><testcase classname="backend.tests.test_reviews_feature.TestAdminReviewsAuth" name="test_update_review_requires_auth" time="0.098" /><testcase classname="backend.tests.test_reviews_feature.TestAdminReviewsAuth" name="test_delete_review_requires_auth" time="0.108" /><testcase classname="backend.tests.test_reviews_feature.TestCleanup" name="test_cleanup_test_reviews" time="0.417" /></testsuite></testsuites>