<?xml version="1.0" encoding="utf-8"?><testsuites name="pytest tests"><testsuite name="pytest" errors="0" failures="0" skipped="0" tests="10" time="0.949" timestamp="2026-05-09T13:56:03.012500+00:00" hostname="agent-env-f7dda764-741e-4f3b-be70-dcbc83aa8076"><testcase classname="tests.test_cookie_auth_umlauts.TestVerificationCodeEmailUmlauts" name="test_de_umlauts" time="0.260" /><testcase classname="tests.test_cookie_auth_umlauts.TestVerificationCodeEmailUmlauts" name="test_fr_accents" time="0.000" /><testcase classname="tests.test_cookie_auth_umlauts.TestVerificationCodeEmailUmlauts" name="test_it_accents" time="0.000" /><testcase classname="tests.test_cookie_auth_umlauts.TestVerificationCodeEmailUmlauts" name="test_en" time="0.000" /><testcase classname="tests.test_cookie_auth_umlauts.TestVerificationCodeEmailUmlauts" name="test_subject_map_fr_via_send_code" time="0.000" /><testcase classname="tests.test_cookie_auth_umlauts.TestVerificationCodeEmailUmlauts" name="test_default_lang_fallback" time="0.000" /><testcase classname="tests.test_cookie_auth_umlauts.TestAuthSendCodeEndpoint" name="test_send_code_invalid_email" time="0.252" /><testcase classname="tests.test_cookie_auth_umlauts.TestAuthSendCodeEndpoint" name="test_send_code_valid_email" time="0.114" /><testcase classname="tests.test_cookie_auth_umlauts.TestDatenschutzCookieSection" name="test_datenschutz_returns_cookie_section" time="0.131" /><testcase classname="tests.test_cookie_auth_umlauts.TestDatenschutzCookieSection" name="test_datenschutz_version_is_at_least_1" time="0.111" /></testsuite></testsuites>