<?xml version="1.0" encoding="utf-8"?><testsuites name="pytest tests"><testsuite name="pytest" errors="0" failures="0" skipped="0" tests="10" time="2.229" timestamp="2026-05-07T21:55:10.490879+00:00" hostname="agent-env-f7dda764-741e-4f3b-be70-dcbc83aa8076"><testcase classname="backend.tests.test_legal.TestPublicLegal" name="test_get_agb_public" time="0.300" /><testcase classname="backend.tests.test_legal.TestPublicLegal" name="test_get_datenschutz_public" time="0.122" /><testcase classname="backend.tests.test_legal.TestPublicLegal" name="test_get_impressum_public" time="0.132" /><testcase classname="backend.tests.test_legal.TestPublicLegal" name="test_get_unknown_404" time="0.141" /><testcase classname="backend.tests.test_legal.TestAdminAuth" name="test_admin_legal_no_auth" time="0.114" /><testcase classname="backend.tests.test_legal.TestAdminAuth" name="test_admin_legal_list" time="0.403" /><testcase classname="backend.tests.test_legal.TestAdminAuth" name="test_admin_legal_get_agb" time="0.049" /><testcase classname="backend.tests.test_legal.TestVersioningFlow" name="test_full_version_flow" time="0.672" /><testcase classname="backend.tests.test_legal.TestVersioningFlow" name="test_put_empty_sections_validation" time="0.166" /><testcase classname="backend.tests.test_legal.TestVersioningFlow" name="test_put_missing_title" time="0.048" /></testsuite></testsuites>