<?xml version="1.0" encoding="utf-8"?><testsuites name="pytest tests"><testsuite name="pytest" errors="0" failures="0" skipped="0" tests="10" time="4.117" timestamp="2026-04-03T07:16:02.004096+00:00" hostname="agent-env-566a29ab-9a3e-41f7-955a-92492ef82ee3"><testcase classname="backend.tests.test_google_reviews.TestGoogleReviewsPublicAPI" name="test_public_reviews_returns_only_google_when_google_exists" time="0.183" /><testcase classname="backend.tests.test_google_reviews.TestGoogleReviewsPublicAPI" name="test_public_reviews_have_required_fields" time="0.137" /><testcase classname="backend.tests.test_google_reviews.TestGoogleReviewsAdminAPI" name="test_admin_reviews_returns_all_reviews" time="0.362" /><testcase classname="backend.tests.test_google_reviews.TestGoogleReviewsAdminAPI" name="test_admin_reviews_have_source_field" time="0.391" /><testcase classname="backend.tests.test_google_reviews.TestGoogleReviewsAdminAPI" name="test_create_google_review" time="0.475" /><testcase classname="backend.tests.test_google_reviews.TestGoogleReviewsAdminAPI" name="test_create_placeholder_review" time="0.478" /><testcase classname="backend.tests.test_google_reviews.TestGoogleReviewsAdminAPI" name="test_update_review_source" time="0.524" /><testcase classname="backend.tests.test_google_reviews.TestPlaceholderAutoHiding" name="test_placeholder_hidden_when_google_exists" time="0.499" /><testcase classname="backend.tests.test_google_reviews.TestPlaceholderAutoHiding" name="test_delete_google_review_shows_placeholders" time="0.553" /><testcase classname="backend.tests.test_google_reviews.TestReviewSourceDefaultBehavior" name="test_default_source_is_placeholder" time="0.430" /></testsuite></testsuites>