<?xml version="1.0" encoding="utf-8"?><testsuites name="pytest tests"><testsuite name="pytest" errors="0" failures="0" skipped="0" tests="29" time="2.305" timestamp="2026-04-02T18:57:22.220859+00:00" hostname="agent-env-566a29ab-9a3e-41f7-955a-92492ef82ee3"><testcase classname="backend.tests.test_multilingual_email_pdf.TestEmailPreviewMultilingual" name="test_email_preview_german_returns_200" time="0.523" /><testcase classname="backend.tests.test_multilingual_email_pdf.TestEmailPreviewMultilingual" name="test_email_preview_english_returns_200" time="0.046" /><testcase classname="backend.tests.test_multilingual_email_pdf.TestEmailPreviewMultilingual" name="test_email_preview_french_returns_200" time="0.046" /><testcase classname="backend.tests.test_multilingual_email_pdf.TestEmailPreviewMultilingual" name="test_email_preview_italian_returns_200" time="0.057" /><testcase classname="backend.tests.test_multilingual_email_pdf.TestEmailPreviewMultilingual" name="test_email_preview_german_contains_vielen_dank" time="0.072" /><testcase classname="backend.tests.test_multilingual_email_pdf.TestEmailPreviewMultilingual" name="test_email_preview_english_contains_thank_you" time="0.053" /><testcase classname="backend.tests.test_multilingual_email_pdf.TestEmailPreviewMultilingual" name="test_email_preview_french_contains_merci" time="0.052" /><testcase classname="backend.tests.test_multilingual_email_pdf.TestEmailPreviewMultilingual" name="test_email_preview_italian_contains_grazie" time="0.049" /><testcase classname="backend.tests.test_multilingual_email_pdf.TestEmailPreviewMultilingual" name="test_email_preview_german_status_confirmed" time="0.056" /><testcase classname="backend.tests.test_multilingual_email_pdf.TestEmailPreviewMultilingual" name="test_email_preview_english_status_confirmed" time="0.060" /><testcase classname="backend.tests.test_multilingual_email_pdf.TestEmailPreviewMultilingual" name="test_email_preview_french_status_confirmed" time="0.058" /><testcase classname="backend.tests.test_multilingual_email_pdf.TestEmailPreviewMultilingual" name="test_email_preview_italian_status_confirmed" time="0.048" /><testcase classname="backend.tests.test_multilingual_email_pdf.TestEmailPreviewMultilingual" name="test_email_preview_german_invoice" time="0.053" /><testcase classname="backend.tests.test_multilingual_email_pdf.TestEmailPreviewMultilingual" name="test_email_preview_english_invoice" time="0.047" /><testcase classname="backend.tests.test_multilingual_email_pdf.TestEmailPreviewMultilingual" name="test_email_preview_french_invoice" time="0.055" /><testcase classname="backend.tests.test_multilingual_email_pdf.TestEmailPreviewMultilingual" name="test_email_preview_italian_invoice" time="0.051" /><testcase classname="backend.tests.test_multilingual_email_pdf.TestEmailPreviewMultilingual" name="test_email_preview_structure" time="0.047" /><testcase classname="backend.tests.test_multilingual_email_pdf.TestInquiryWithLanguage" name="test_create_inquiry_with_english_lang" time="0.052" /><testcase classname="backend.tests.test_multilingual_email_pdf.TestInquiryWithLanguage" name="test_create_inquiry_with_french_lang" time="0.046" /><testcase classname="backend.tests.test_multilingual_email_pdf.TestInquiryWithLanguage" name="test_create_inquiry_with_italian_lang" time="0.045" /><testcase classname="backend.tests.test_multilingual_email_pdf.TestInquiryWithLanguage" name="test_create_inquiry_default_german_lang" time="0.045" /><testcase classname="backend.tests.test_multilingual_email_pdf.TestAdminInquiriesLangField" name="test_admin_inquiries_returns_lang_field" time="0.058" /><testcase classname="backend.tests.test_multilingual_email_pdf.TestOfferPdfGeneration" name="test_create_inquiry_for_pdf" time="0.046" /><testcase classname="backend.tests.test_multilingual_email_pdf.TestOfferPdfGeneration" name="test_offer_pdf_returns_200" time="0.050" /><testcase classname="backend.tests.test_multilingual_email_pdf.TestOfferPdfGeneration" name="test_offer_pdf_content_type" time="0.049" /><testcase classname="backend.tests.test_multilingual_email_pdf.TestOfferPdfGeneration" name="test_offer_pdf_has_content" time="0.051" /><testcase classname="backend.tests.test_multilingual_email_pdf.TestOfferPdfGeneration" name="test_offer_pdf_filename_english" time="0.048" /><testcase classname="backend.tests.test_multilingual_email_pdf.TestOfferPdfGeneration" name="test_offer_pdf_not_found" time="0.046" /><testcase classname="backend.tests.test_multilingual_email_pdf.TestCleanup" name="test_cleanup_test_inquiries" time="0.291" /></testsuite></testsuites>