<?xml version="1.0" encoding="utf-8"?><testsuites name="pytest tests"><testsuite name="pytest" errors="0" failures="0" skipped="0" tests="14" time="7.189" timestamp="2026-04-02T20:56:12.052020+00:00" hostname="agent-env-566a29ab-9a3e-41f7-955a-92492ef82ee3"><testcase classname="backend.tests.test_lang_change.TestCustomerLanguageChange" name="test_customer_profile_get_returns_lang" time="0.465" /><testcase classname="backend.tests.test_lang_change.TestCustomerLanguageChange" name="test_customer_profile_update_lang_to_en" time="0.521" /><testcase classname="backend.tests.test_lang_change.TestCustomerLanguageChange" name="test_customer_profile_update_lang_to_fr" time="0.442" /><testcase classname="backend.tests.test_lang_change.TestCustomerLanguageChange" name="test_customer_profile_update_lang_to_it" time="0.453" /><testcase classname="backend.tests.test_lang_change.TestCustomerLanguageChange" name="test_customer_profile_update_lang_back_to_de" time="0.466" /><testcase classname="backend.tests.test_lang_change.TestAdminInquiryLanguageChange" name="test_create_inquiry_for_lang_test" time="0.479" /><testcase classname="backend.tests.test_lang_change.TestAdminInquiryLanguageChange" name="test_admin_get_inquiry_shows_lang" time="0.522" /><testcase classname="backend.tests.test_lang_change.TestAdminInquiryLanguageChange" name="test_admin_update_inquiry_lang_to_fr" time="0.609" /><testcase classname="backend.tests.test_lang_change.TestAdminInquiryLanguageChange" name="test_admin_update_inquiry_lang_to_en" time="0.552" /><testcase classname="backend.tests.test_lang_change.TestAdminInquiryLanguageChange" name="test_admin_update_inquiry_lang_to_it" time="0.580" /><testcase classname="backend.tests.test_lang_change.TestAdminInquiryLanguageChange" name="test_admin_update_inquiry_lang_invalid" time="0.602" /><testcase classname="backend.tests.test_lang_change.TestAdminInquiryLanguageChange" name="test_admin_update_inquiry_lang_not_found" time="0.400" /><testcase classname="backend.tests.test_lang_change.TestCustomerInquiriesLangUpdate" name="test_customer_create_inquiry_then_update_profile_lang" time="0.542" /><testcase classname="backend.tests.test_lang_change.TestCleanup" name="test_cleanup_test_inquiries" time="0.468" /></testsuite></testsuites>