<?xml version="1.0" encoding="utf-8"?><testsuites name="pytest tests"><testsuite name="pytest" errors="0" failures="0" skipped="0" tests="15" time="3.326" timestamp="2026-04-02T10:56:43.361585+00:00" hostname="agent-env-566a29ab-9a3e-41f7-955a-92492ef82ee3"><testcase classname="backend.tests.test_new_features.TestGoogleVerification" name="test_google_verification_endpoint_returns_code" time="0.236" /><testcase classname="backend.tests.test_new_features.TestGoogleVerification" name="test_admin_settings_contains_google_verification_field" time="0.473" /><testcase classname="backend.tests.test_new_features.TestGoogleVerification" name="test_admin_can_update_google_verification" time="0.578" /><testcase classname="backend.tests.test_new_features.TestEventReminderDays" name="test_admin_settings_contains_event_reminder_days" time="0.100" /><testcase classname="backend.tests.test_new_features.TestEventReminderDays" name="test_admin_can_update_event_reminder_days" time="0.422" /><testcase classname="backend.tests.test_new_features.TestSendRemindersEndpoint" name="test_send_reminders_requires_auth" time="0.135" /><testcase classname="backend.tests.test_new_features.TestSendRemindersEndpoint" name="test_send_reminders_with_auth" time="0.112" /><testcase classname="backend.tests.test_new_features.TestEmailPreview" name="test_email_preview_requires_auth" time="0.108" /><testcase classname="backend.tests.test_new_features.TestEmailPreview" name="test_email_preview_returns_8_templates" time="0.107" /><testcase classname="backend.tests.test_new_features.TestFileUploadNotification" name="test_file_upload_endpoint_exists" time="0.461" /><testcase classname="backend.tests.test_new_features.TestRobotsTxt" name="test_robots_txt_exists" time="0.097" /><testcase classname="backend.tests.test_new_features.TestRobotsTxt" name="test_robots_txt_allows_gptbot" time="0.097" /><testcase classname="backend.tests.test_new_features.TestRobotsTxt" name="test_robots_txt_allows_claudebot" time="0.105" /><testcase classname="backend.tests.test_new_features.TestRobotsTxt" name="test_robots_txt_allows_perplexitybot" time="0.098" /><testcase classname="backend.tests.test_new_features.TestSEOStructuredData" name="test_structured_data_endpoint" time="0.111" /></testsuite></testsuites>