<?xml version="1.0" encoding="utf-8"?><testsuites name="pytest tests"><testsuite name="pytest" errors="0" failures="0" skipped="0" tests="44" time="7.094" timestamp="2026-04-04T14:03:14.447313+00:00" hostname="agent-env-566a29ab-9a3e-41f7-955a-92492ef82ee3"><testcase classname="tests.test_nextjs_migration.TestPublicRoutes" name="test_public_route_returns_200[/]" time="0.321" /><testcase classname="tests.test_nextjs_migration.TestPublicRoutes" name="test_public_route_returns_200[/trucks/burger-truck]" time="0.233" /><testcase classname="tests.test_nextjs_migration.TestPublicRoutes" name="test_public_route_returns_200[/anfrage]" time="0.191" /><testcase classname="tests.test_nextjs_migration.TestPublicRoutes" name="test_public_route_returns_200[/faq]" time="0.151" /><testcase classname="tests.test_nextjs_migration.TestPublicRoutes" name="test_public_route_returns_200[/kontakt]" time="0.136" /><testcase classname="tests.test_nextjs_migration.TestPublicRoutes" name="test_public_route_returns_200[/ueber-uns]" time="0.138" /><testcase classname="tests.test_nextjs_migration.TestPublicRoutes" name="test_public_route_returns_200[/blog]" time="0.136" /><testcase classname="tests.test_nextjs_migration.TestPublicRoutes" name="test_public_route_returns_200[/agenda]" time="0.136" /><testcase classname="tests.test_nextjs_migration.TestPublicRoutes" name="test_public_route_returns_200[/private-events]" time="0.139" /><testcase classname="tests.test_nextjs_migration.TestPublicRoutes" name="test_public_route_returns_200[/fuer-veranstalter]" time="0.156" /><testcase classname="tests.test_nextjs_migration.TestPublicRoutes" name="test_public_route_returns_200[/veranstalter]" time="0.203" /><testcase classname="tests.test_nextjs_migration.TestAdminRoutes" name="test_admin_route_returns_200[/admin/login]" time="0.141" /><testcase classname="tests.test_nextjs_migration.TestAdminRoutes" name="test_admin_route_returns_200[/admin/dashboard]" time="0.142" /><testcase classname="tests.test_nextjs_migration.TestAdminRoutes" name="test_admin_route_returns_200[/admin/anfragen]" time="0.145" /><testcase classname="tests.test_nextjs_migration.TestAdminRoutes" name="test_admin_route_returns_200[/admin/trucks]" time="0.141" /><testcase classname="tests.test_nextjs_migration.TestAdminRoutes" name="test_admin_route_returns_200[/admin/faqs]" time="0.138" /><testcase classname="tests.test_nextjs_migration.TestAdminRoutes" name="test_admin_route_returns_200[/admin/mitarbeiter]" time="0.145" /><testcase classname="tests.test_nextjs_migration.TestAdminRoutes" name="test_admin_route_returns_200[/admin/finanzen]" time="0.133" /><testcase classname="tests.test_nextjs_migration.TestAdminRoutes" name="test_admin_route_returns_200[/admin/routen]" time="0.131" /><testcase classname="tests.test_nextjs_migration.TestAdminRoutes" name="test_admin_route_returns_200[/admin/kalender]" time="0.148" /><testcase classname="tests.test_nextjs_migration.TestAdminRoutes" name="test_admin_route_returns_200[/admin/reviews]" time="0.157" /><testcase classname="tests.test_nextjs_migration.TestAdminRoutes" name="test_admin_route_returns_200[/admin/einstellungen]" time="0.132" /><testcase classname="tests.test_nextjs_migration.TestAdminRoutes" name="test_admin_route_returns_200[/admin/export]" time="0.150" /><testcase classname="tests.test_nextjs_migration.TestAdminRoutes" name="test_admin_route_returns_200[/admin/event-scout]" time="0.139" /><testcase classname="tests.test_nextjs_migration.TestAdminRoutes" name="test_admin_route_returns_200[/admin/blog]" time="0.184" /><testcase classname="tests.test_nextjs_migration.TestCustomerPortalRoutes" name="test_customer_route_returns_200[/konto/login]" time="0.118" /><testcase classname="tests.test_nextjs_migration.TestCustomerPortalRoutes" name="test_customer_route_returns_200[/konto/dashboard]" time="0.125" /><testcase classname="tests.test_nextjs_migration.TestCustomerPortalRoutes" name="test_customer_route_returns_200[/konto/anfragen]" time="0.132" /><testcase classname="tests.test_nextjs_migration.TestCustomerPortalRoutes" name="test_customer_route_returns_200[/konto/passwort-vergessen]" time="0.130" /><testcase classname="tests.test_nextjs_migration.TestCustomerPortalRoutes" name="test_customer_route_returns_200[/konto/passwort-reset]" time="0.123" /><testcase classname="tests.test_nextjs_migration.TestBackendAPI" name="test_trucks_api_returns_200" time="0.117" /><testcase classname="tests.test_nextjs_migration.TestBackendAPI" name="test_faqs_api_returns_200" time="0.100" /><testcase classname="tests.test_nextjs_migration.TestBackendAPI" name="test_reviews_api_returns_200" time="0.106" /><testcase classname="tests.test_nextjs_migration.TestBackendAPI" name="test_blog_api_returns_200" time="0.118" /><testcase classname="tests.test_nextjs_migration.TestAdminAuth" name="test_admin_login_success" time="0.384" /><testcase classname="tests.test_nextjs_migration.TestAdminAuth" name="test_admin_login_invalid_credentials" time="0.324" /><testcase classname="tests.test_nextjs_migration.TestSSRContent" name="test_homepage_has_meta_description" time="0.153" /><testcase classname="tests.test_nextjs_migration.TestSSRContent" name="test_homepage_has_og_tags" time="0.141" /><testcase classname="tests.test_nextjs_migration.TestSSRContent" name="test_homepage_has_twitter_card" time="0.163" /><testcase classname="tests.test_nextjs_migration.TestSSRContent" name="test_homepage_has_json_ld" time="0.140" /><testcase classname="tests.test_nextjs_migration.TestSSRContent" name="test_homepage_has_title" time="0.146" /><testcase classname="tests.test_nextjs_migration.TestSSRContent" name="test_homepage_has_navbar" time="0.159" /><testcase classname="tests.test_nextjs_migration.TestSSRContent" name="test_homepage_has_hero_section" time="0.162" /><testcase classname="tests.test_nextjs_migration.TestTruckDetailPage" name="test_burger_truck_page_loads" time="0.195" /></testsuite></testsuites>