<?xml version="1.0" encoding="utf-8"?><testsuites name="pytest tests"><testsuite name="pytest" errors="0" failures="0" skipped="0" tests="21" time="5.331" timestamp="2026-04-01T06:18:37.394223+00:00" hostname="agent-env-bbcad513-6ed1-4398-89ce-30c2df200aa3"><testcase classname="tests.test_batch6_features.TestAuth" name="test_login_success" time="0.424" /><testcase classname="tests.test_batch6_features.TestEmployeeCRUD" name="test_create_employee" time="0.429" /><testcase classname="tests.test_batch6_features.TestEmployeeCRUD" name="test_get_employees" time="0.047" /><testcase classname="tests.test_batch6_features.TestEmployeeCRUD" name="test_update_employee" time="0.177" /><testcase classname="tests.test_batch6_features.TestEmployeeCRUD" name="test_delete_employee" time="0.175" /><testcase classname="tests.test_batch6_features.TestExportEndpoints" name="test_export_inquiries_csv" time="0.398" /><testcase classname="tests.test_batch6_features.TestExportEndpoints" name="test_export_inquiries_pdf" time="0.046" /><testcase classname="tests.test_batch6_features.TestExportEndpoints" name="test_export_employees_csv" time="0.084" /><testcase classname="tests.test_batch6_features.TestExportEndpoints" name="test_export_employees_pdf" time="0.063" /><testcase classname="tests.test_batch6_features.TestExportEndpoints" name="test_export_calendar_csv" time="0.051" /><testcase classname="tests.test_batch6_features.TestExportEndpoints" name="test_export_trucks_csv" time="0.042" /><testcase classname="tests.test_batch6_features.TestExportEndpoints" name="test_export_faqs_csv" time="0.042" /><testcase classname="tests.test_batch6_features.TestExportEndpoints" name="test_export_invalid_type" time="0.080" /><testcase classname="tests.test_batch6_features.TestOfferPDF" name="test_offer_pdf_generation" time="0.628" /><testcase classname="tests.test_batch6_features.TestOfferPDF" name="test_offer_pdf_not_found" time="0.048" /><testcase classname="tests.test_batch6_features.TestStatusChangeOfferEmail" name="test_status_change_to_offer_sent" time="0.573" /><testcase classname="tests.test_batch6_features.TestEmployeeAssignment" name="test_assign_employees_to_inquiry" time="0.664" /><testcase classname="tests.test_batch6_features.TestInstagramGallery" name="test_instagram_gallery_public" time="0.100" /><testcase classname="tests.test_batch6_features.TestInstagramGallery" name="test_instagram_settings_update" time="0.558" /><testcase classname="tests.test_batch6_features.TestCleanup" name="test_cleanup_test_employees" time="0.431" /><testcase classname="tests.test_batch6_features.TestCleanup" name="test_cleanup_test_inquiries" time="0.147" /></testsuite></testsuites>