<?xml version="1.0" encoding="utf-8"?><testsuites name="pytest tests"><testsuite name="pytest" errors="0" failures="0" skipped="0" tests="13" time="3.740" timestamp="2026-04-01T04:48:47.525361+00:00" hostname="agent-env-bbcad513-6ed1-4398-89ce-30c2df200aa3"><testcase classname="backend.tests.test_new_features.TestPublicContactInfo" name="test_contact_info_returns_correct_data" time="0.240" /><testcase classname="backend.tests.test_new_features.TestInquiryAPI" name="test_create_inquiry_success" time="0.130" /><testcase classname="backend.tests.test_new_features.TestInquiryAPI" name="test_create_full_inquiry" time="0.144" /><testcase classname="backend.tests.test_new_features.TestAuthFlow" name="test_login_success" time="0.331" /><testcase classname="backend.tests.test_new_features.TestAuthFlow" name="test_login_invalid_credentials" time="0.346" /><testcase classname="backend.tests.test_new_features.TestAdminSettings" name="test_get_settings_requires_auth" time="0.132" /><testcase classname="backend.tests.test_new_features.TestAdminSettings" name="test_get_settings_authenticated" time="0.369" /><testcase classname="backend.tests.test_new_features.TestAdminSettings" name="test_update_settings" time="0.563" /><testcase classname="backend.tests.test_new_features.TestAdminSettings" name="test_test_email_endpoint" time="0.528" /><testcase classname="backend.tests.test_new_features.TestAdminInquiries" name="test_get_inquiries" time="0.373" /><testcase classname="backend.tests.test_new_features.TestPublicEndpoints" name="test_trucks_endpoint" time="0.117" /><testcase classname="backend.tests.test_new_features.TestPublicEndpoints" name="test_faqs_endpoint" time="0.094" /><testcase classname="backend.tests.test_new_features.TestPublicEndpoints" name="test_availability_endpoint" time="0.162" /></testsuite></testsuites>