<?xml version="1.0" encoding="utf-8"?><testsuites name="pytest tests"><testsuite name="pytest" errors="0" failures="1" skipped="0" tests="11" time="35.511" timestamp="2026-04-01T21:39:50.711698+00:00" hostname="agent-env-566a29ab-9a3e-41f7-955a-92492ef82ee3"><testcase classname="tests.test_file_upload.TestFileUploadEndpoint" name="test_upload_file_success" time="0.868" /><testcase classname="tests.test_file_upload.TestFileUploadEndpoint" name="test_upload_rejects_large_file" time="0.572" /><testcase classname="tests.test_file_upload.TestFileUploadEndpoint" name="test_upload_rejects_when_max_files_reached" time="1.051" /><testcase classname="tests.test_file_upload.TestGetInquiryFiles" name="test_get_files_returns_list" time="30.312"><failure message="assert 500 == 200&#10; +  where 500 = &lt;Response [500]&gt;.status_code">tests/test_file_upload.py:155: in test_get_files_returns_list
    assert upload_resp.status_code == 200
E   assert 500 == 200
E    +  where 500 = &lt;Response [500]&gt;.status_code</failure></testcase><testcase classname="tests.test_file_upload.TestGetInquiryFiles" name="test_get_files_excludes_deleted" time="0.318" /><testcase classname="tests.test_file_upload.TestFileDownload" name="test_download_file_success" time="0.729" /><testcase classname="tests.test_file_upload.TestFileDownload" name="test_download_nonexistent_file_returns_404" time="0.064" /><testcase classname="tests.test_file_upload.TestFileDownload" name="test_download_is_public" time="0.527" /><testcase classname="tests.test_file_upload.TestFileDelete" name="test_delete_file_requires_auth" time="0.397" /><testcase classname="tests.test_file_upload.TestFileDelete" name="test_delete_file_soft_deletes" time="0.391" /><testcase classname="tests.test_file_upload.TestFileUploadIntegration" name="test_upload_to_existing_inquiry" time="0.166" /></testsuite></testsuites>