<?xml version="1.0" encoding="utf-8"?><testsuites name="pytest tests"><testsuite name="pytest" errors="0" failures="0" skipped="0" tests="17" time="9.662" timestamp="2026-04-01T16:50:57.169162+00:00" hostname="agent-env-566a29ab-9a3e-41f7-955a-92492ef82ee3"><testcase classname="backend.tests.test_email_notifications.TestEmailNotifications" name="test_status_confirmed_triggers_notification" time="0.661" /><testcase classname="backend.tests.test_email_notifications.TestEmailNotifications" name="test_status_completed_triggers_notification" time="0.575" /><testcase classname="backend.tests.test_email_notifications.TestEmailNotifications" name="test_status_cancelled_triggers_notification" time="0.529" /><testcase classname="backend.tests.test_email_notifications.TestEmailNotifications" name="test_status_in_review_triggers_notification" time="0.581" /><testcase classname="backend.tests.test_email_notifications.TestEmailNotifications" name="test_invoice_sent_triggers_notification" time="0.571" /><testcase classname="backend.tests.test_email_notifications.TestEmailNotifications" name="test_invoice_paid_triggers_notification" time="0.570" /><testcase classname="backend.tests.test_email_notifications.TestEmailNotifications" name="test_invoice_pending_triggers_notification" time="0.589" /><testcase classname="backend.tests.test_email_notifications.TestEmailNotifications" name="test_invoice_overdue_triggers_notification" time="0.575" /><testcase classname="backend.tests.test_email_notifications.TestEmailPreview" name="test_email_preview_returns_6_templates" time="0.411" /><testcase classname="backend.tests.test_email_notifications.TestEmailPreview" name="test_email_preview_confirmation_template" time="0.431" /><testcase classname="backend.tests.test_email_notifications.TestEmailPreview" name="test_email_preview_status_confirmed_template" time="0.437" /><testcase classname="backend.tests.test_email_notifications.TestEmailPreview" name="test_email_preview_invoice_sent_template" time="0.382" /><testcase classname="backend.tests.test_email_notifications.TestEmailPreview" name="test_email_preview_requires_auth" time="0.459" /><testcase classname="backend.tests.test_email_notifications.TestAutoConfirmationSetting" name="test_settings_include_auto_confirmation" time="0.377" /><testcase classname="backend.tests.test_email_notifications.TestAutoConfirmationSetting" name="test_toggle_auto_confirmation" time="0.557" /><testcase classname="backend.tests.test_email_notifications.TestCustomerPortalStatusDisplay" name="test_customer_sees_status_after_admin_change" time="0.887" /><testcase classname="backend.tests.test_email_notifications.TestCustomerPortalStatusDisplay" name="test_customer_sees_invoice_after_admin_update" time="0.958" /></testsuite></testsuites>